/home/danial/Code/novin-med/projects/5_cross_compile/rockchip/YY3568/Qt6/env.sh: line 58: /usr/bin/aarch64-linux-gnu-g++: No such file or directory
[1;34m[qt6-rk3568][0m Toolchain OK ()
[1;34m[qt6-rk3568][0m Building Qt (this may take a while)
[1/3149] Linking CXX executable qtbase/bin/qml
FAILED: qtbase/bin/qml 
: && /usr/bin/aarch64-linux-gnu-g++-9 --sysroot=/home/danial/rk-deb10-sysroot --sysroot=/home/danial/rk-deb10-sysroot -B/home/danial/rk-deb10-sysroot/usr/lib/aarch64-linux-gnu -B/home/danial/rk-deb10-sysroot/lib/aarch64-linux-gnu -I/home/danial/rk-deb10-sysroot/usr/include -I/home/danial/rk-deb10-sysroot/usr/include/aarch64-linux-gnu -pipe -O2 --sysroot=/home/danial/rk-deb10-sysroot -B/home/danial/rk-deb10-sysroot/usr/lib/aarch64-linux-gnu -B/home/danial/rk-deb10-sysroot/lib/aarch64-linux-gnu -Wl,-O1 -Wl,--hash-style=gnu -Wl,--as-needed -L/home/danial/rk-deb10-sysroot/usr/lib/aarch64-linux-gnu -L/home/danial/rk-deb10-sysroot/lib/aarch64-linux-gnu -Wl,-rpath-link,/home/danial/rk-deb10-sysroot/usr/lib/aarch64-linux-gnu -Wl,-rpath-link,/home/danial/rk-deb10-sysroot/lib/aarch64-linux-gnu     -Wl,--enable-new-dtags qtdeclarative/tools/qml/CMakeFiles/qml.dir/qml_autogen/mocs_compilation.cpp.o qtdeclarative/tools/qml/CMakeFiles/qml.dir/main.cpp.o qtdeclarative/tools/qml/CMakeFiles/qml.dir/.rcc/qrc_qml.cpp.o qtdeclarative/tools/qml/CMakeFiles/qml.dir/qml_qmltyperegistrations.cpp.o qtdeclarative/tools/qml/CMakeFiles/qml.dir/.rcc/qrc_qmake_QmlRuntime_Config.cpp.o -o qtbase/bin/qml  -Wl,-rpath,/home/danial/rk-deb10-sysroot:/home/danial/Code/novin-med/projects/5_cross_compile/rockchip/YY3568/Qt6/build-rk3568/qtbase/lib:  qtbase/lib/libQt6Qml.so.6.2.4  qtbase/lib/libQt6Widgets.so.6.2.4  qtbase/lib/libQt6Network.so.6.2.4  qtbase/lib/libQt6Gui.so.6.2.4  /home/danial/rk-deb10-sysroot/usr/lib/aarch64-linux-gnu/libGLESv2.so  /home/danial/rk-deb10-sysroot/usr/lib/aarch64-linux-gnu/libEGL.so  qtbase/lib/libQt6Core.so.6.2.4  -lpthread  -Wl,-rpath-link,/home/danial/Code/novin-med/projects/5_cross_compile/rockchip/YY3568/Qt6/build-rk3568/qtbase/lib && :
/usr/lib/gcc-cross/aarch64-linux-gnu/9/../../../../aarch64-linux-gnu/bin/ld: /usr/lib/gcc-cross/aarch64-linux-gnu/9/libstdc++.so: undefined reference to `pthread_rwlock_wrlock@GLIBC_2.34'
/usr/lib/gcc-cross/aarch64-linux-gnu/9/../../../../aarch64-linux-gnu/bin/ld: /usr/lib/gcc-cross/aarch64-linux-gnu/9/libstdc++.so: undefined reference to `pthread_create@GLIBC_2.34'
/usr/lib/gcc-cross/aarch64-linux-gnu/9/../../../../aarch64-linux-gnu/bin/ld: /usr/lib/gcc-cross/aarch64-linux-gnu/9/libstdc++.so: undefined reference to `lstat@GLIBC_2.33'
/usr/lib/gcc-cross/aarch64-linux-gnu/9/../../../../aarch64-linux-gnu/bin/ld: /usr/lib/gcc-cross/aarch64-linux-gnu/9/libstdc++.so: undefined reference to `__libc_single_threaded@GLIBC_2.32'
/usr/lib/gcc-cross/aarch64-linux-gnu/9/../../../../aarch64-linux-gnu/bin/ld: /usr/lib/gcc-cross/aarch64-linux-gnu/9/libstdc++.so: undefined reference to `pthread_detach@GLIBC_2.34'
/usr/lib/gcc-cross/aarch64-linux-gnu/9/../../../../aarch64-linux-gnu/bin/ld: /usr/lib/gcc-cross/aarch64-linux-gnu/9/libstdc++.so: undefined reference to `pthread_key_delete@GLIBC_2.34'
/usr/lib/gcc-cross/aarch64-linux-gnu/9/../../../../aarch64-linux-gnu/bin/ld: /usr/lib/gcc-cross/aarch64-linux-gnu/9/libstdc++.so: undefined reference to `pthread_rwlock_unlock@GLIBC_2.34'
/usr/lib/gcc-cross/aarch64-linux-gnu/9/../../../../aarch64-linux-gnu/bin/ld: /usr/lib/gcc-cross/aarch64-linux-gnu/9/libstdc++.so: undefined reference to `pthread_setspecific@GLIBC_2.34'
/usr/lib/gcc-cross/aarch64-linux-gnu/9/../../../../aarch64-linux-gnu/bin/ld: /usr/lib/gcc-cross/aarch64-linux-gnu/9/libstdc++.so: undefined reference to `fstat64@GLIBC_2.33'
/usr/lib/gcc-cross/aarch64-linux-gnu/9/../../../../aarch64-linux-gnu/bin/ld: /usr/lib/gcc-cross/aarch64-linux-gnu/9/libstdc++.so: undefined reference to `pthread_getspecific@GLIBC_2.34'
/usr/lib/gcc-cross/aarch64-linux-gnu/9/../../../../aarch64-linux-gnu/bin/ld: /usr/lib/gcc-cross/aarch64-linux-gnu/9/libstdc++.so: undefined reference to `pthread_join@GLIBC_2.34'
/usr/lib/gcc-cross/aarch64-linux-gnu/9/../../../../aarch64-linux-gnu/bin/ld: /usr/lib/gcc-cross/aarch64-linux-gnu/9/libstdc++.so: undefined reference to `pthread_rwlock_rdlock@GLIBC_2.34'
/usr/lib/gcc-cross/aarch64-linux-gnu/9/../../../../aarch64-linux-gnu/bin/ld: /usr/lib/gcc-cross/aarch64-linux-gnu/9/libstdc++.so: undefined reference to `stat@GLIBC_2.33'
/usr/lib/gcc-cross/aarch64-linux-gnu/9/../../../../aarch64-linux-gnu/bin/ld: /usr/lib/gcc-cross/aarch64-linux-gnu/9/libstdc++.so: undefined reference to `pthread_once@GLIBC_2.34'
/usr/lib/gcc-cross/aarch64-linux-gnu/9/../../../../aarch64-linux-gnu/bin/ld: /usr/lib/gcc-cross/aarch64-linux-gnu/9/libstdc++.so: undefined reference to `pthread_key_create@GLIBC_2.34'
collect2: error: ld returned 1 exit status
[2/3149] Linking CXX executable qtbase/bin/qmlscene
FAILED: qtbase/bin/qmlscene 
: && /usr/bin/aarch64-linux-gnu-g++-9 --sysroot=/home/danial/rk-deb10-sysroot --sysroot=/home/danial/rk-deb10-sysroot -B/home/danial/rk-deb10-sysroot/usr/lib/aarch64-linux-gnu -B/home/danial/rk-deb10-sysroot/lib/aarch64-linux-gnu -I/home/danial/rk-deb10-sysroot/usr/include -I/home/danial/rk-deb10-sysroot/usr/include/aarch64-linux-gnu -pipe -O2 --sysroot=/home/danial/rk-deb10-sysroot -B/home/danial/rk-deb10-sysroot/usr/lib/aarch64-linux-gnu -B/home/danial/rk-deb10-sysroot/lib/aarch64-linux-gnu -Wl,-O1 -Wl,--hash-style=gnu -Wl,--as-needed -L/home/danial/rk-deb10-sysroot/usr/lib/aarch64-linux-gnu -L/home/danial/rk-deb10-sysroot/lib/aarch64-linux-gnu -Wl,-rpath-link,/home/danial/rk-deb10-sysroot/usr/lib/aarch64-linux-gnu -Wl,-rpath-link,/home/danial/rk-deb10-sysroot/lib/aarch64-linux-gnu     -Wl,--enable-new-dtags qtdeclarative/tools/qmlscene/CMakeFiles/qmlscene.dir/qmlscene_autogen/mocs_compilation.cpp.o qtdeclarative/tools/qmlscene/CMakeFiles/qmlscene.dir/main.cpp.o -o qtbase/bin/qmlscene  -Wl,-rpath,/home/danial/rk-deb10-sysroot:/home/danial/Code/novin-med/projects/5_cross_compile/rockchip/YY3568/Qt6/build-rk3568/qtbase/lib:  qtbase/lib/libQt6Widgets.so.6.2.4  /home/danial/rk-deb10-sysroot/usr/lib/aarch64-linux-gnu/libxkbcommon.so  qtbase/lib/libQt6Quick.so.6.2.4  qtbase/lib/libQt6OpenGL.so.6.2.4  qtbase/lib/libQt6QmlModels.so.6.2.4  qtbase/lib/libQt6Qml.so.6.2.4  qtbase/lib/libQt6Network.so.6.2.4  qtbase/lib/libQt6Gui.so.6.2.4  /home/danial/rk-deb10-sysroot/usr/lib/aarch64-linux-gnu/libGLESv2.so  /home/danial/rk-deb10-sysroot/usr/lib/aarch64-linux-gnu/libEGL.so  qtbase/lib/libQt6Core.so.6.2.4  -lpthread  -Wl,-rpath-link,/home/danial/Code/novin-med/projects/5_cross_compile/rockchip/YY3568/Qt6/build-rk3568/qtbase/lib && :
/usr/lib/gcc-cross/aarch64-linux-gnu/9/../../../../aarch64-linux-gnu/bin/ld: /usr/lib/gcc-cross/aarch64-linux-gnu/9/libstdc++.so: undefined reference to `pthread_rwlock_wrlock@GLIBC_2.34'
/usr/lib/gcc-cross/aarch64-linux-gnu/9/../../../../aarch64-linux-gnu/bin/ld: /usr/lib/gcc-cross/aarch64-linux-gnu/9/libstdc++.so: undefined reference to `pthread_create@GLIBC_2.34'
/usr/lib/gcc-cross/aarch64-linux-gnu/9/../../../../aarch64-linux-gnu/bin/ld: /usr/lib/gcc-cross/aarch64-linux-gnu/9/libstdc++.so: undefined reference to `lstat@GLIBC_2.33'
/usr/lib/gcc-cross/aarch64-linux-gnu/9/../../../../aarch64-linux-gnu/bin/ld: /usr/lib/gcc-cross/aarch64-linux-gnu/9/libstdc++.so: undefined reference to `__libc_single_threaded@GLIBC_2.32'
/usr/lib/gcc-cross/aarch64-linux-gnu/9/../../../../aarch64-linux-gnu/bin/ld: /usr/lib/gcc-cross/aarch64-linux-gnu/9/libstdc++.so: undefined reference to `pthread_detach@GLIBC_2.34'
/usr/lib/gcc-cross/aarch64-linux-gnu/9/../../../../aarch64-linux-gnu/bin/ld: /usr/lib/gcc-cross/aarch64-linux-gnu/9/libstdc++.so: undefined reference to `pthread_key_delete@GLIBC_2.34'
/usr/lib/gcc-cross/aarch64-linux-gnu/9/../../../../aarch64-linux-gnu/bin/ld: /usr/lib/gcc-cross/aarch64-linux-gnu/9/libstdc++.so: undefined reference to `pthread_rwlock_unlock@GLIBC_2.34'
/usr/lib/gcc-cross/aarch64-linux-gnu/9/../../../../aarch64-linux-gnu/bin/ld: /usr/lib/gcc-cross/aarch64-linux-gnu/9/libstdc++.so: undefined reference to `pthread_setspecific@GLIBC_2.34'
/usr/lib/gcc-cross/aarch64-linux-gnu/9/../../../../aarch64-linux-gnu/bin/ld: /usr/lib/gcc-cross/aarch64-linux-gnu/9/libstdc++.so: undefined reference to `fstat64@GLIBC_2.33'
/usr/lib/gcc-cross/aarch64-linux-gnu/9/../../../../aarch64-linux-gnu/bin/ld: /usr/lib/gcc-cross/aarch64-linux-gnu/9/libstdc++.so: undefined reference to `pthread_getspecific@GLIBC_2.34'
/usr/lib/gcc-cross/aarch64-linux-gnu/9/../../../../aarch64-linux-gnu/bin/ld: /usr/lib/gcc-cross/aarch64-linux-gnu/9/libstdc++.so: undefined reference to `pthread_join@GLIBC_2.34'
/usr/lib/gcc-cross/aarch64-linux-gnu/9/../../../../aarch64-linux-gnu/bin/ld: /usr/lib/gcc-cross/aarch64-linux-gnu/9/libstdc++.so: undefined reference to `pthread_rwlock_rdlock@GLIBC_2.34'
/usr/lib/gcc-cross/aarch64-linux-gnu/9/../../../../aarch64-linux-gnu/bin/ld: /usr/lib/gcc-cross/aarch64-linux-gnu/9/libstdc++.so: undefined reference to `stat@GLIBC_2.33'
/usr/lib/gcc-cross/aarch64-linux-gnu/9/../../../../aarch64-linux-gnu/bin/ld: /usr/lib/gcc-cross/aarch64-linux-gnu/9/libstdc++.so: undefined reference to `pthread_once@GLIBC_2.34'
/usr/lib/gcc-cross/aarch64-linux-gnu/9/../../../../aarch64-linux-gnu/bin/ld: /usr/lib/gcc-cross/aarch64-linux-gnu/9/libstdc++.so: undefined reference to `pthread_key_create@GLIBC_2.34'
collect2: error: ld returned 1 exit status
[3/3149] Building CXX object qt3d/src/core/CMakeFiles/3DCore.dir/geometry/qabstractfunctor.cpp.o
[4/3149] Building CXX object qtdeclarative/tools/qmlpreview/CMakeFiles/qmlpreview.dir/main.cpp.o
[5/3149] Building CXX object qtdeclarative/tools/qmlpreview/CMakeFiles/qmlpreview.dir/qmlpreview_autogen/mocs_compilation.cpp.o
[6/3149] Building CXX object qt3d/src/core/CMakeFiles/3DCore.dir/geometry/qattribute.cpp.o
[7/3149] Building CXX object qt3d/src/core/CMakeFiles/3DCore.dir/geometry/qbuffer.cpp.o
[8/3149] Building CXX object qt3d/src/core/CMakeFiles/3DCore.dir/geometry/qboundingvolume.cpp.o
[9/3149] Building CXX object qtdeclarative/tools/qmlpreview/CMakeFiles/qmlpreview.dir/qmlpreviewapplication.cpp.o
[10/3149] Building CXX object qtdeclarative/tools/qmlpreview/CMakeFiles/qmlpreview.dir/qmlpreviewfilesystemwatcher.cpp.o
ninja: build stopped: subcommand failed.
