/home/danial/Code/novin-med/projects/5_cross_compile/rockchip/YY3568/Qt6/env.sh: line 58: /usr/bin/aarch64-linux-gnu-g++: No such file or directory
[1;34m[qt6-rk3568][0m Toolchain OK ()
[1;34m[qt6-rk3568][0m Qt source present: /home/danial/qt-everywhere-src-6.2.4
[1;34m[qt6-rk3568][0m Using sysroot /home/danial/rk-deb10-sysroot
[1;34m[qt6-rk3568][0m Configuring Qt for RK3568 cross-compilation...
+ mkdir -p qtbase
+ cd qtbase
+ exec /home/danial/qt-everywhere-src-6.2.4/qtbase/configure -top-level -release -opengl es2 -egl -platform linux-aarch64-gnu-g++ -device-option CROSS_COMPILE=/usr/bin/aarch64-linux-gnu- -device-option EGLFS_DEVICE_INTEGRATION=eglfs_gbm -qt-host-path /home/danial/Qt/6.2.4/gcc_64 -extprefix /home/danial/Code/novin-med/projects/5_cross_compile/rockchip/YY3568/Qt6/qt6-rk3568 -prefix /usr/local/qt6rk -opensource -confirm-license -skip qtscript -skip qtwayland -skip qtdatavis3d -skip qtwebengine -skip qtgrpc -skip qtopcua -skip qtdoc -skip qtwebview -nomake examples -nomake tests -pkg-config -no-use-gold-linker -- -DCMAKE_TOOLCHAIN_FILE=/home/danial/Code/novin-med/projects/5_cross_compile/rockchip/YY3568/Qt6/toolchain.cmake
'/usr/bin/cmake' '-DQT_HOST_PATH=/home/danial/Qt/6.2.4/gcc_64' '-DBUILD_qtscript=OFF' '-DBUILD_qtwayland=OFF' '-DBUILD_qtdatavis3d=OFF' '-DBUILD_qtwebengine=OFF' '-DBUILD_qtgrpc=OFF' '-DBUILD_qtopcua=OFF' '-DBUILD_qtdoc=OFF' '-DBUILD_qtwebview=OFF' '-DCMAKE_TOOLCHAIN_FILE=/home/danial/Code/novin-med/projects/5_cross_compile/rockchip/YY3568/Qt6/toolchain.cmake' '-DCMAKE_INSTALL_PREFIX=/usr/local/qt6rk' '-DCMAKE_STAGING_PREFIX=/home/danial/Code/novin-med/projects/5_cross_compile/rockchip/YY3568/Qt6/qt6-rk3568' '-DQT_QMAKE_TARGET_MKSPEC=linux-aarch64-gnu-g++' '-DQT_BUILD_EXAMPLES=FALSE' '-DQT_BUILD_TESTS=FALSE' '-DCMAKE_BUILD_TYPE=Release' '-DQT_QMAKE_DEVICE_OPTIONS=CROSS_COMPILE=/usr/bin/aarch64-linux-gnu-;EGLFS_DEVICE_INTEGRATION=eglfs_gbm' '-DINPUT_opengl=es2' '-DINPUT_egl=yes' '-DINPUT_pkg_config=yes' '-DINPUT_use_gold_linker_alias=no' '-G' 'Ninja' '/home/danial/qt-everywhere-src-6.2.4'
-- The CXX compiler identification is GNU 9.5.0
-- The C compiler identification is GNU 9.5.0
-- The ASM compiler identification is GNU
-- Found assembler: /usr/bin/aarch64-linux-gnu-gcc-9
-- Detecting CXX compiler ABI info
-- Detecting CXX compiler ABI info - done
-- Check for working CXX compiler: /usr/bin/aarch64-linux-gnu-g++-9 - skipped
-- Detecting CXX compile features
-- Detecting CXX compile features - done
-- Detecting C compiler ABI info
-- Detecting C compiler ABI info - done
-- Check for working C compiler: /usr/bin/aarch64-linux-gnu-gcc-9 - skipped
-- Detecting C compile features
-- Detecting C compile features - done
Checking dependencies of 'qtbase'
Checking dependencies of 'qtshadertools'
Checking dependencies of 'qtsvg'
Checking dependencies of 'qtimageformats'
Checking dependencies of 'qtdeclarative'
Checking dependencies of 'qt3d'
Checking dependencies of 'qt5compat'
Checking dependencies of 'qtactiveqt'
Checking dependencies of 'qtmultimedia'
Checking dependencies of 'qtcharts'
Checking dependencies of 'qtcoap'
Checking dependencies of 'qtconnectivity'
Checking dependencies of 'qttools'
Checking dependencies of 'qtlottie'
Checking dependencies of 'qtmqtt'
Checking dependencies of 'qtnetworkauth'
Checking dependencies of 'qtserialport'
Checking dependencies of 'qtpositioning'
Checking dependencies of 'qtquicktimeline'
Checking dependencies of 'qtquick3d'
Checking dependencies of 'qtremoteobjects'
Checking dependencies of 'qtscxml'
Checking dependencies of 'qtsensors'
Checking dependencies of 'qtserialbus'
Checking dependencies of 'qttranslations'
Checking dependencies of 'qtvirtualkeyboard'
Checking dependencies of 'qtwebsockets'
Checking dependencies of 'qtwebchannel'
Configuring 'qtbase'
-- CMAKE_BUILD_TYPE was set to: 'Release'
-- Check for feature set changes
-- Building architecture extraction project with the following CMake arguments:
    -DCMAKE_OBJCOPY=/usr/bin/aarch64-linux-gnu-objcopy
    -DCMAKE_TOOLCHAIN_FILE=/home/danial/Code/novin-med/projects/5_cross_compile/rockchip/YY3568/Qt6/toolchain.cmake
    -DCMAKE_C_STANDARD=11
    -DCMAKE_CXX_STANDARD=17
    -DCMAKE_MODULE_PATH:STRING=/home/danial/qt-everywhere-src-6.2.4/qtbase/cmake/platforms
-- Extracting architecture info from /home/danial/Code/novin-med/projects/5_cross_compile/rockchip/YY3568/Qt6/build-rk3568/qtbase/config.tests/arch/architecture_test.
-- CMAKE_VERSION: "3.22.1"
-- CMAKE_HOST_SYSTEM: "Linux-6.17.9-76061709-generic"
-- CMAKE_HOST_SYSTEM_NAME: "Linux"
-- CMAKE_HOST_SYSTEM_VERSION: "6.17.9-76061709-generic"
-- CMAKE_HOST_SYSTEM_PROCESSOR: "x86_64"
-- CMAKE_SYSTEM: "Linux"
-- CMAKE_SYSTEM_NAME: "Linux"
-- CMAKE_SYSTEM_VERSION: ""
-- CMAKE_SYSTEM_PROCESSOR: "aarch64"
-- CMAKE_CROSSCOMPILING: "TRUE"
-- CMAKE_C_COMPILER: "/usr/bin/aarch64-linux-gnu-gcc-9" (9.5.0)
-- CMAKE_CXX_COMPILER: "/usr/bin/aarch64-linux-gnu-g++-9" (9.5.0)
-- Found ZLIB: /home/danial/rk-deb10-sysroot/usr/lib/aarch64-linux-gnu/libz.so (found suitable version "1.2.11", minimum required is "1.0.8") 
-- Found WrapZLIB: TRUE (Required is at least version "1.0.8") 
-- Could NOT find ZSTD: Found unsuitable version "", but required is at least "1.3" (found ZSTD_LIBRARY-NOTFOUND)
-- Found PkgConfig: /usr/bin/pkg-config (found version "0.29.2") 
-- Found WrapDBus1: /home/danial/rk-deb10-sysroot/usr/lib/aarch64-linux-gnu/libdbus-1.so (found suitable version "1.12.28", minimum required is "1.2") 
-- Checking for module 'libudev'
--   No package 'libudev' found
-- Performing Test TEST_use_bfd_linker
-- Performing Test TEST_use_bfd_linker - Success
-- Performing Test TEST_use_gold_linker
-- Performing Test TEST_use_gold_linker - Failed
-- Performing Test TEST_use_lld_linker
-- Performing Test TEST_use_lld_linker - Failed
-- Performing Test TEST_use_mold_linker
-- Performing Test TEST_use_mold_linker - Success
-- Performing Test machine tuple
-- Performing Test machine tuple - Success
-- Performing Test HAVE_cxx14
-- Performing Test HAVE_cxx14 - Success
-- Performing Test HAVE_cxx17
-- Performing Test HAVE_cxx17 - Failed
-- Performing Test HAVE_cxx20
-- Performing Test HAVE_cxx20 - Success
-- Performing Test precompiled header support
-- Performing Test precompiled header support - Success
-- Performing Test TEST_optimize_debug
-- Performing Test TEST_optimize_debug - Success
-- Performing Test TEST_enable_new_dtags
-- Performing Test TEST_enable_new_dtags - Success
-- Performing Test TEST_gdb_index
-- Performing Test TEST_gdb_index - Failed
-- Performing Test HAVE_reduce_relocations
-- Performing Test HAVE_reduce_relocations - Failed
-- Performing Test separate debug information support
-- Performing Test separate debug information support - Success
-- Performing Test HAVE_signaling_nan
-- Performing Test HAVE_signaling_nan - Success
-- Performing SIMD Test SSE2 instructions
-- Performing SIMD Test SSE2 instructions - Failed
-- Performing SIMD Test SSE3 instructions
-- Performing SIMD Test SSE3 instructions - Failed
-- Performing SIMD Test SSSE3 instructions
-- Performing SIMD Test SSSE3 instructions - Failed
-- Performing SIMD Test SSE4.1 instructions
-- Performing SIMD Test SSE4.1 instructions - Failed
-- Performing SIMD Test SSE4.2 instructions
-- Performing SIMD Test SSE4.2 instructions - Failed
-- Performing SIMD Test AES new instructions
-- Performing SIMD Test AES new instructions - Failed
-- Performing SIMD Test F16C instructions
-- Performing SIMD Test F16C instructions - Failed
-- Performing SIMD Test RDRAND instruction
-- Performing SIMD Test RDRAND instruction - Failed
-- Performing SIMD Test RDSEED instruction
-- Performing SIMD Test RDSEED instruction - Failed
-- Performing SIMD Test SHA new instructions
-- Performing SIMD Test SHA new instructions - Failed
-- Performing SIMD Test AVX instructions
-- Performing SIMD Test AVX instructions - Failed
-- Performing SIMD Test AVX2 instructions
-- Performing SIMD Test AVX2 instructions - Failed
-- Performing SIMD Test AVX512 F instructions
-- Performing SIMD Test AVX512 F instructions - Failed
-- Performing SIMD Test AVX512 ER instructions
-- Performing SIMD Test AVX512 ER instructions - Failed
-- Performing SIMD Test AVX512 CD instructions
-- Performing SIMD Test AVX512 CD instructions - Failed
-- Performing SIMD Test AVX512 PF instructions
-- Performing SIMD Test AVX512 PF instructions - Failed
-- Performing SIMD Test AVX512 DQ instructions
-- Performing SIMD Test AVX512 DQ instructions - Failed
-- Performing SIMD Test AVX512 BW instructions
-- Performing SIMD Test AVX512 BW instructions - Failed
-- Performing SIMD Test AVX512 VL instructions
-- Performing SIMD Test AVX512 VL instructions - Failed
-- Performing SIMD Test AVX512 IFMA instructions
-- Performing SIMD Test AVX512 IFMA instructions - Failed
-- Performing SIMD Test AVX512 VBMI instructions
-- Performing SIMD Test AVX512 VBMI instructions - Failed
-- Performing Test HAVE_posix_fallocate
-- Performing Test HAVE_posix_fallocate - Success
-- Performing Test HAVE_alloca_stdlib_h
-- Performing Test HAVE_alloca_stdlib_h - Success
-- Performing Test HAVE_alloca_h
-- Performing Test HAVE_alloca_h - Success
-- Performing Test HAVE_alloca_malloc_h
-- Performing Test HAVE_alloca_malloc_h - Failed
-- Performing Test HAVE_stack_protector
-- Performing Test HAVE_stack_protector - Success
-- Performing Test HAVE_intelcet
-- Performing Test HAVE_intelcet - Failed
-- Performing Test HAVE_LD_VERSION_SCRIPT
-- Performing Test HAVE_LD_VERSION_SCRIPT - Success
-- Looking for backtrace
-- Looking for backtrace - found
-- backtrace facility detected in default set of libraries
-- Found Backtrace: /home/danial/rk-deb10-sysroot/usr/include  
-- Could NOT find double-conversion (missing: double-conversion_DIR)
-- Could NOT find WrapDoubleConversion (missing: WrapDoubleConversion_FOUND) 
-- Found GLIB2: /home/danial/rk-deb10-sysroot/usr/lib/aarch64-linux-gnu/libglib-2.0.so  
-- Found the following ICU libraries:
--   i18n (required)
--   uc (required)
--   data (required)
-- Found ICU: /home/danial/rk-deb10-sysroot/usr/include (found version "63.1") 
-- Checking for module 'libsystemd'
--   No package 'libsystemd' found
-- Performing Test HAVE_STDATOMIC
-- Performing Test HAVE_STDATOMIC - Success
-- Found WrapAtomic: TRUE  
-- Checking for module 'libb2'
--   No package 'libb2' found
-- Performing Test HAVE_GETTIME
-- Performing Test HAVE_GETTIME - Success
-- Found WrapRt: TRUE  
-- Could NOT find LTTngUST (missing: LTTNGUST_LIBRARIES LTTNGUST_INCLUDE_DIRS) 
-- Could NOT find WrapSystemPCRE2 (missing: PCRE2_LIBRARIES PCRE2_INCLUDE_DIRS __pcre2_found) (Required is at least version "10.20")
-- Could NOT find Slog2 (missing: Slog2_INCLUDE_DIR Slog2_LIBRARY) 
-- Performing Test HAVE_atomicfptr
-- Performing Test HAVE_atomicfptr - Success
-- Performing Test HAVE_clock_monotonic
-- Performing Test HAVE_clock_monotonic - Success
-- Performing Test HAVE_cloexec
-- Performing Test HAVE_cloexec - Success
-- Performing Test HAVE_cxx11_future
-- Performing Test HAVE_cxx11_future - Failed
-- Performing Test HAVE_cxx11_random
-- Performing Test HAVE_cxx11_random - Success
-- Performing Test HAVE_cxx17_filesystem
-- Performing Test HAVE_cxx17_filesystem - Failed
-- Performing Test HAVE_eventfd
-- Performing Test HAVE_eventfd - Success
-- Performing Test HAVE_futimens
-- Performing Test HAVE_futimens - Success
-- Performing Test HAVE_futimes
-- Performing Test HAVE_futimes - Success
-- Performing Test HAVE_getauxval
-- Performing Test HAVE_getauxval - Success
-- Performing Test HAVE_getentropy
-- Performing Test HAVE_getentropy - Success
-- Performing Test HAVE_glibc
-- Performing Test HAVE_glibc - Success
-- Performing Test HAVE_inotify
-- Performing Test HAVE_inotify - Success
-- Performing Test HAVE_ipc_sysv
-- Performing Test HAVE_ipc_sysv - Success
-- Performing Test HAVE_ipc_posix
-- Performing Test HAVE_ipc_posix - Success
-- Performing Test HAVE_linkat
-- Performing Test HAVE_linkat - Success
-- Performing Test HAVE_ppoll
-- Performing Test HAVE_ppoll - Success
-- Performing Test HAVE_pollts
-- Performing Test HAVE_pollts - Failed
-- Performing Test HAVE_poll
-- Performing Test HAVE_poll - Success
-- Performing Test HAVE_renameat2
-- Performing Test HAVE_renameat2 - Failed
-- Performing Test HAVE_statx
-- Performing Test HAVE_statx - Success
-- Performing Test HAVE_syslog
-- Performing Test HAVE_syslog - Success
-- Performing Test HAVE_cpp_winrt
-- Performing Test HAVE_cpp_winrt - Failed
-- Performing Test HAVE_xlocalescanprint
-- Performing Test HAVE_xlocalescanprint - Failed
-- Checking for module 'libproxy-1.0'
--   No package 'libproxy-1.0' found
-- Could NOT find OpenSSL, try to set the path to OpenSSL root folder in the system variable OPENSSL_ROOT_DIR (missing: OPENSSL_CRYPTO_LIBRARY OPENSSL_INCLUDE_DIR) 
-- Could NOT find WrapOpenSSLHeaders (missing: OPENSSL_INCLUDE_DIR) 
-- Could NOT find OpenSSL, try to set the path to OpenSSL root folder in the system variable OPENSSL_ROOT_DIR (missing: OPENSSL_CRYPTO_LIBRARY OPENSSL_INCLUDE_DIR) 
-- Could NOT find WrapOpenSSLHeaders (missing: OPENSSL_INCLUDE_DIR) 
-- Could NOT find WrapOpenSSL (missing: OPENSSL_CRYPTO_LIBRARY OPENSSL_INCLUDE_DIR) 
-- Could NOT find GSSAPI (missing: GSSAPI_LIBRARIES GSSAPI_INCLUDE_DIRS) 
-- Performing Test HAVE_getifaddrs
-- Performing Test HAVE_getifaddrs - Success
-- Performing Test HAVE_ifr_index
-- Performing Test HAVE_ifr_index - Failed
-- Performing Test HAVE_ipv6ifname
-- Performing Test HAVE_ipv6ifname - Success
-- Performing Test HAVE_linux_netlink
-- Performing Test HAVE_linux_netlink - Success
-- Performing Test HAVE_sctp
-- Performing Test HAVE_sctp - Failed
-- Performing Test HAVE_networklistmanager
-- Performing Test HAVE_networklistmanager - Failed
-- Checking for module 'atspi-2'
--   Found atspi-2, version 2.29.1
-- Checking for module 'directfb'
--   No package 'directfb' found
-- Found Libdrm: /home/danial/rk-deb10-sysroot/usr/lib/aarch64-linux-gnu/libdrm.so (found version "2.4.97") 
-- Performing Test HAVE_EGL
-- Performing Test HAVE_EGL - Success
-- Found EGL: /home/danial/rk-deb10-sysroot/usr/include (found version "1.5") 
-- Found WrapSystemFreetype: /home/danial/rk-deb10-sysroot/usr/lib/aarch64-linux-gnu/libfreetype.so (found suitable version "2.9.1", minimum required is "2.2.0") 
-- Found Fontconfig: /home/danial/rk-deb10-sysroot/usr/lib/aarch64-linux-gnu/libfontconfig.so (found version "2.13.1") 
-- Found gbm: /home/danial/rk-deb10-sysroot/usr/lib/aarch64-linux-gnu/libgbm.so (found version "18.3.6") 
-- Checking for module 'harfbuzz'
--   Found harfbuzz, version 2.3.1
-- Could NOT find WrapSystemHarfbuzz: Found unsuitable version "2.3.1", but required is at least "2.6.0" (found /home/danial/rk-deb10-sysroot/usr/lib/aarch64-linux-gnu/libharfbuzz.so)
-- Could NOT find Libinput (missing: Libinput_LIBRARY Libinput_INCLUDE_DIR) 
-- Found JPEG: /home/danial/rk-deb10-sysroot/usr/lib/aarch64-linux-gnu/libjpeg.so (found version "62") 
-- Could NOT find md4c (missing: md4c_DIR)
-- Found WrapSystemPNG: /home/danial/rk-deb10-sysroot/usr/lib/aarch64-linux-gnu/libpng.so;/home/danial/rk-deb10-sysroot/usr/lib/aarch64-linux-gnu/libz.so (found version "1.6.36") 
-- Checking for module 'mtdev'
--   No package 'mtdev' found
-- Found OpenGL: /home/danial/rk-deb10-sysroot/usr/lib/aarch64-linux-gnu/libOpenGL.so   
-- Found WrapOpenGL: TRUE  
-- Performing Test HAVE_GLESv2
-- Performing Test HAVE_GLESv2 - Success
-- Found GLESv2: /home/danial/rk-deb10-sysroot/usr/include  
-- Checking for module 'tslib'
--   No package 'tslib' found
-- Could NOT find WrapVulkanHeaders (missing: Vulkan_INCLUDE_DIR) 
-- Found Wayland_Client: /home/danial/rk-deb10-sysroot/usr/lib/aarch64-linux-gnu/libwayland-client.so (found version "1.16.0") 
-- Found Wayland_Server: /home/danial/rk-deb10-sysroot/usr/lib/aarch64-linux-gnu/libwayland-server.so (found version "1.16.0") 
-- Found Wayland_Cursor: /home/danial/rk-deb10-sysroot/usr/lib/aarch64-linux-gnu/libwayland-cursor.so (found version "1.16.0") 
-- Found Wayland_Egl: /home/danial/rk-deb10-sysroot/usr/lib/aarch64-linux-gnu/libwayland-egl.so (found version "18.1.0") 
-- Found Wayland: /home/danial/rk-deb10-sysroot/usr/lib/aarch64-linux-gnu/libwayland-client.so;/home/danial/rk-deb10-sysroot/usr/lib/aarch64-linux-gnu/libwayland-server.so;/home/danial/rk-deb10-sysroot/usr/lib/aarch64-linux-gnu/libwayland-cursor.so;/home/danial/rk-deb10-sysroot/usr/lib/aarch64-linux-gnu/libwayland-egl.so (found version "1.16.0")  
-- Found X11: /home/danial/rk-deb10-sysroot/usr/include   
-- Looking for XOpenDisplay in /home/danial/rk-deb10-sysroot/usr/lib/aarch64-linux-gnu/libX11.so;/home/danial/rk-deb10-sysroot/usr/lib/aarch64-linux-gnu/libXext.so
-- Looking for XOpenDisplay in /home/danial/rk-deb10-sysroot/usr/lib/aarch64-linux-gnu/libX11.so;/home/danial/rk-deb10-sysroot/usr/lib/aarch64-linux-gnu/libXext.so - found
-- Looking for gethostbyname
-- Looking for gethostbyname - found
-- Looking for connect
-- Looking for connect - found
-- Looking for remove
-- Looking for remove - found
-- Looking for shmat
-- Looking for shmat - found
-- Looking for IceConnectionNumber in ICE
-- Looking for IceConnectionNumber in ICE - found
-- Found XCB_XCB: /home/danial/rk-deb10-sysroot/usr/lib/aarch64-linux-gnu/libxcb.so (found version "") 
-- Found XCB_RENDER: /home/danial/rk-deb10-sysroot/usr/lib/aarch64-linux-gnu/libxcb-render.so (found version "") 
-- Found XCB_SHAPE: /home/danial/rk-deb10-sysroot/usr/lib/aarch64-linux-gnu/libxcb-shape.so (found version "") 
-- Found XCB_XFIXES: /home/danial/rk-deb10-sysroot/usr/lib/aarch64-linux-gnu/libxcb-xfixes.so (found version "") 
-- Found XCB_SHM: /home/danial/rk-deb10-sysroot/usr/lib/aarch64-linux-gnu/libxcb-shm.so (found version "") 
-- Could NOT find XCB_ATOM (missing: XCB_ATOM_LIBRARY XCB_ATOM_INCLUDE_DIR) (found version "")
-- Could NOT find XCB_AUX (missing: XCB_AUX_LIBRARY XCB_AUX_INCLUDE_DIR) (found version "")
-- Could NOT find XCB_COMPOSITE (missing: XCB_COMPOSITE_LIBRARY XCB_COMPOSITE_INCLUDE_DIR) (found version "")
-- Could NOT find XCB_CURSOR (missing: XCB_CURSOR_LIBRARY XCB_CURSOR_INCLUDE_DIR) (found version "")
-- Could NOT find XCB_DAMAGE (missing: XCB_DAMAGE_LIBRARY XCB_DAMAGE_INCLUDE_DIR) (found version "")
-- Could NOT find XCB_DPMS (missing: XCB_DPMS_LIBRARY XCB_DPMS_INCLUDE_DIR) (found version "")
-- Found XCB_DRI2: /home/danial/rk-deb10-sysroot/usr/lib/aarch64-linux-gnu/libxcb-dri2.so (found version "") 
-- Found XCB_DRI3: /home/danial/rk-deb10-sysroot/usr/lib/aarch64-linux-gnu/libxcb-dri3.so (found version "") 
-- Could NOT find XCB_EVENT (missing: XCB_EVENT_LIBRARY XCB_EVENT_INCLUDE_DIR) (found version "")
-- Could NOT find XCB_EWMH (missing: XCB_EWMH_LIBRARY XCB_EWMH_INCLUDE_DIR) (found version "")
-- Found XCB_GLX: /home/danial/rk-deb10-sysroot/usr/lib/aarch64-linux-gnu/libxcb-glx.so (found version "") 
-- Could NOT find XCB_ICCCM (missing: XCB_ICCCM_LIBRARY XCB_ICCCM_INCLUDE_DIR) (found version "")
-- Could NOT find XCB_IMAGE (missing: XCB_IMAGE_LIBRARY XCB_IMAGE_INCLUDE_DIR) (found version "")
-- Could NOT find XCB_KEYSYMS (missing: XCB_KEYSYMS_LIBRARY XCB_KEYSYMS_INCLUDE_DIR) (found version "")
-- Found XCB_PRESENT: /home/danial/rk-deb10-sysroot/usr/lib/aarch64-linux-gnu/libxcb-present.so (found version "") 
-- Found XCB_RANDR: /home/danial/rk-deb10-sysroot/usr/lib/aarch64-linux-gnu/libxcb-randr.so (found version "") 
-- Could NOT find XCB_RECORD (missing: XCB_RECORD_LIBRARY XCB_RECORD_INCLUDE_DIR) (found version "")
-- Could NOT find XCB_RENDERUTIL (missing: XCB_RENDERUTIL_LIBRARY XCB_RENDERUTIL_INCLUDE_DIR) (found version "")
-- Could NOT find XCB_RES (missing: XCB_RES_LIBRARY XCB_RES_INCLUDE_DIR) (found version "")
-- Could NOT find XCB_SCREENSAVER (missing: XCB_SCREENSAVER_LIBRARY XCB_SCREENSAVER_INCLUDE_DIR) (found version "")
-- Found XCB_SYNC: /home/danial/rk-deb10-sysroot/usr/lib/aarch64-linux-gnu/libxcb-sync.so (found version "") 
-- Could NOT find XCB_UTIL (missing: XCB_UTIL_LIBRARY XCB_UTIL_INCLUDE_DIR) (found version "")
-- Could NOT find XCB_XEVIE (missing: XCB_XEVIE_LIBRARY XCB_XEVIE_INCLUDE_DIR) (found version "")
-- Could NOT find XCB_XF86DRI (missing: XCB_XF86DRI_LIBRARY XCB_XF86DRI_INCLUDE_DIR) (found version "")
-- Could NOT find XCB_XINERAMA (missing: XCB_XINERAMA_LIBRARY XCB_XINERAMA_INCLUDE_DIR) (found version "")
-- Could NOT find XCB_XKB (missing: XCB_XKB_LIBRARY XCB_XKB_INCLUDE_DIR) (found version "")
-- Could NOT find XCB_XPRINT (missing: XCB_XPRINT_LIBRARY XCB_XPRINT_INCLUDE_DIR) (found version "")
-- Could NOT find XCB_XTEST (missing: XCB_XTEST_LIBRARY XCB_XTEST_INCLUDE_DIR) (found version "")
-- Could NOT find XCB_XV (missing: XCB_XV_LIBRARY XCB_XV_INCLUDE_DIR) (found version "")
-- Could NOT find XCB_XVMC (missing: XCB_XVMC_LIBRARY XCB_XVMC_INCLUDE_DIR XCB_XV_FOUND) (found version "")
-- Found XCB: /home/danial/rk-deb10-sysroot/usr/lib/aarch64-linux-gnu/libxcb.so;/home/danial/rk-deb10-sysroot/usr/lib/aarch64-linux-gnu/libxcb-render.so;/home/danial/rk-deb10-sysroot/usr/lib/aarch64-linux-gnu/libxcb-shape.so;/home/danial/rk-deb10-sysroot/usr/lib/aarch64-linux-gnu/libxcb-xfixes.so;/home/danial/rk-deb10-sysroot/usr/lib/aarch64-linux-gnu/libxcb-shm.so;/home/danial/rk-deb10-sysroot/usr/lib/aarch64-linux-gnu/libxcb-dri2.so;/home/danial/rk-deb10-sysroot/usr/lib/aarch64-linux-gnu/libxcb-dri3.so;/home/danial/rk-deb10-sysroot/usr/lib/aarch64-linux-gnu/libxcb-glx.so;/home/danial/rk-deb10-sysroot/usr/lib/aarch64-linux-gnu/libxcb-present.so;/home/danial/rk-deb10-sysroot/usr/lib/aarch64-linux-gnu/libxcb-randr.so;/home/danial/rk-deb10-sysroot/usr/lib/aarch64-linux-gnu/libxcb-sync.so (Required is at least version "1.11")  
-- XCB: ICCCM requires XCB
-- Could NOT find XCB_ICCCM (missing: XCB_ICCCM_LIBRARY XCB_ICCCM_INCLUDE_DIR) (found version "")
-- Could NOT find XCB (missing: ICCCM) (Required is at least version "0.3.9")
-- XCB: IMAGE requires XCB;SHM
-- XCB: IMAGE requires XCB;SHM
-- Could NOT find XCB_IMAGE (missing: XCB_IMAGE_LIBRARY XCB_IMAGE_INCLUDE_DIR) (found version "")
-- Could NOT find XCB (missing: IMAGE) (Required is at least version "0.3.9")
-- XCB: KEYSYMS requires XCB
-- Could NOT find XCB_KEYSYMS (missing: XCB_KEYSYMS_LIBRARY XCB_KEYSYMS_INCLUDE_DIR) (found version "")
-- Could NOT find XCB (missing: KEYSYMS) (Required is at least version "0.3.9")
-- XCB: RENDERUTIL requires XCB;RENDER
-- XCB: RENDERUTIL requires XCB;RENDER
-- Could NOT find XCB_RENDERUTIL (missing: XCB_RENDERUTIL_LIBRARY XCB_RENDERUTIL_INCLUDE_DIR) (found version "")
-- Could NOT find XCB (missing: RENDERUTIL) (Required is at least version "0.3.9")
-- XCB: RANDR requires XCB
-- Found XCB: /home/danial/rk-deb10-sysroot/usr/lib/aarch64-linux-gnu/libxcb.so;/home/danial/rk-deb10-sysroot/usr/lib/aarch64-linux-gnu/libxcb-render.so;/home/danial/rk-deb10-sysroot/usr/lib/aarch64-linux-gnu/libxcb-shape.so;/home/danial/rk-deb10-sysroot/usr/lib/aarch64-linux-gnu/libxcb-xfixes.so;/home/danial/rk-deb10-sysroot/usr/lib/aarch64-linux-gnu/libxcb-shm.so;/home/danial/rk-deb10-sysroot/usr/lib/aarch64-linux-gnu/libxcb-dri2.so;/home/danial/rk-deb10-sysroot/usr/lib/aarch64-linux-gnu/libxcb-dri3.so;/home/danial/rk-deb10-sysroot/usr/lib/aarch64-linux-gnu/libxcb-glx.so;/home/danial/rk-deb10-sysroot/usr/lib/aarch64-linux-gnu/libxcb-present.so;/home/danial/rk-deb10-sysroot/usr/lib/aarch64-linux-gnu/libxcb-randr.so;/home/danial/rk-deb10-sysroot/usr/lib/aarch64-linux-gnu/libxcb-sync.so  found components: RANDR 
-- XCB: SHAPE requires XCB
-- Found XCB: /home/danial/rk-deb10-sysroot/usr/lib/aarch64-linux-gnu/libxcb.so;/home/danial/rk-deb10-sysroot/usr/lib/aarch64-linux-gnu/libxcb-render.so;/home/danial/rk-deb10-sysroot/usr/lib/aarch64-linux-gnu/libxcb-shape.so;/home/danial/rk-deb10-sysroot/usr/lib/aarch64-linux-gnu/libxcb-xfixes.so;/home/danial/rk-deb10-sysroot/usr/lib/aarch64-linux-gnu/libxcb-shm.so;/home/danial/rk-deb10-sysroot/usr/lib/aarch64-linux-gnu/libxcb-dri2.so;/home/danial/rk-deb10-sysroot/usr/lib/aarch64-linux-gnu/libxcb-dri3.so;/home/danial/rk-deb10-sysroot/usr/lib/aarch64-linux-gnu/libxcb-glx.so;/home/danial/rk-deb10-sysroot/usr/lib/aarch64-linux-gnu/libxcb-present.so;/home/danial/rk-deb10-sysroot/usr/lib/aarch64-linux-gnu/libxcb-randr.so;/home/danial/rk-deb10-sysroot/usr/lib/aarch64-linux-gnu/libxcb-sync.so  found components: SHAPE 
-- XCB: SHM requires XCB
-- Found XCB: /home/danial/rk-deb10-sysroot/usr/lib/aarch64-linux-gnu/libxcb.so;/home/danial/rk-deb10-sysroot/usr/lib/aarch64-linux-gnu/libxcb-render.so;/home/danial/rk-deb10-sysroot/usr/lib/aarch64-linux-gnu/libxcb-shape.so;/home/danial/rk-deb10-sysroot/usr/lib/aarch64-linux-gnu/libxcb-xfixes.so;/home/danial/rk-deb10-sysroot/usr/lib/aarch64-linux-gnu/libxcb-shm.so;/home/danial/rk-deb10-sysroot/usr/lib/aarch64-linux-gnu/libxcb-dri2.so;/home/danial/rk-deb10-sysroot/usr/lib/aarch64-linux-gnu/libxcb-dri3.so;/home/danial/rk-deb10-sysroot/usr/lib/aarch64-linux-gnu/libxcb-glx.so;/home/danial/rk-deb10-sysroot/usr/lib/aarch64-linux-gnu/libxcb-present.so;/home/danial/rk-deb10-sysroot/usr/lib/aarch64-linux-gnu/libxcb-randr.so;/home/danial/rk-deb10-sysroot/usr/lib/aarch64-linux-gnu/libxcb-sync.so  found components: SHM 
-- XCB: SYNC requires XCB
-- Found XCB: /home/danial/rk-deb10-sysroot/usr/lib/aarch64-linux-gnu/libxcb.so;/home/danial/rk-deb10-sysroot/usr/lib/aarch64-linux-gnu/libxcb-render.so;/home/danial/rk-deb10-sysroot/usr/lib/aarch64-linux-gnu/libxcb-shape.so;/home/danial/rk-deb10-sysroot/usr/lib/aarch64-linux-gnu/libxcb-xfixes.so;/home/danial/rk-deb10-sysroot/usr/lib/aarch64-linux-gnu/libxcb-shm.so;/home/danial/rk-deb10-sysroot/usr/lib/aarch64-linux-gnu/libxcb-dri2.so;/home/danial/rk-deb10-sysroot/usr/lib/aarch64-linux-gnu/libxcb-dri3.so;/home/danial/rk-deb10-sysroot/usr/lib/aarch64-linux-gnu/libxcb-glx.so;/home/danial/rk-deb10-sysroot/usr/lib/aarch64-linux-gnu/libxcb-present.so;/home/danial/rk-deb10-sysroot/usr/lib/aarch64-linux-gnu/libxcb-randr.so;/home/danial/rk-deb10-sysroot/usr/lib/aarch64-linux-gnu/libxcb-sync.so  found components: SYNC 
-- XCB: XFIXES requires XCB;RENDER;SHAPE
-- XCB: XFIXES requires XCB;RENDER;SHAPE
-- XCB: XFIXES requires XCB;RENDER;SHAPE
-- Found XCB: /home/danial/rk-deb10-sysroot/usr/lib/aarch64-linux-gnu/libxcb.so;/home/danial/rk-deb10-sysroot/usr/lib/aarch64-linux-gnu/libxcb-render.so;/home/danial/rk-deb10-sysroot/usr/lib/aarch64-linux-gnu/libxcb-shape.so;/home/danial/rk-deb10-sysroot/usr/lib/aarch64-linux-gnu/libxcb-xfixes.so;/home/danial/rk-deb10-sysroot/usr/lib/aarch64-linux-gnu/libxcb-shm.so;/home/danial/rk-deb10-sysroot/usr/lib/aarch64-linux-gnu/libxcb-dri2.so;/home/danial/rk-deb10-sysroot/usr/lib/aarch64-linux-gnu/libxcb-dri3.so;/home/danial/rk-deb10-sysroot/usr/lib/aarch64-linux-gnu/libxcb-glx.so;/home/danial/rk-deb10-sysroot/usr/lib/aarch64-linux-gnu/libxcb-present.so;/home/danial/rk-deb10-sysroot/usr/lib/aarch64-linux-gnu/libxcb-randr.so;/home/danial/rk-deb10-sysroot/usr/lib/aarch64-linux-gnu/libxcb-sync.so  found components: XFIXES 
-- Found X11_XCB: /home/danial/rk-deb10-sysroot/usr/lib/aarch64-linux-gnu/libX11-xcb.so  
-- XCB: XKB requires XCB
-- Could NOT find XCB_XKB (missing: XCB_XKB_LIBRARY XCB_XKB_INCLUDE_DIR) (found version "")
-- Could NOT find XCB (missing: XKB) 
-- XCB: RENDER requires XCB
-- Found XCB: /home/danial/rk-deb10-sysroot/usr/lib/aarch64-linux-gnu/libxcb.so;/home/danial/rk-deb10-sysroot/usr/lib/aarch64-linux-gnu/libxcb-render.so;/home/danial/rk-deb10-sysroot/usr/lib/aarch64-linux-gnu/libxcb-shape.so;/home/danial/rk-deb10-sysroot/usr/lib/aarch64-linux-gnu/libxcb-xfixes.so;/home/danial/rk-deb10-sysroot/usr/lib/aarch64-linux-gnu/libxcb-shm.so;/home/danial/rk-deb10-sysroot/usr/lib/aarch64-linux-gnu/libxcb-dri2.so;/home/danial/rk-deb10-sysroot/usr/lib/aarch64-linux-gnu/libxcb-dri3.so;/home/danial/rk-deb10-sysroot/usr/lib/aarch64-linux-gnu/libxcb-glx.so;/home/danial/rk-deb10-sysroot/usr/lib/aarch64-linux-gnu/libxcb-present.so;/home/danial/rk-deb10-sysroot/usr/lib/aarch64-linux-gnu/libxcb-randr.so;/home/danial/rk-deb10-sysroot/usr/lib/aarch64-linux-gnu/libxcb-sync.so  found components: RENDER 
-- XCB: GLX requires XCB
-- Found XCB: /home/danial/rk-deb10-sysroot/usr/lib/aarch64-linux-gnu/libxcb.so;/home/danial/rk-deb10-sysroot/usr/lib/aarch64-linux-gnu/libxcb-render.so;/home/danial/rk-deb10-sysroot/usr/lib/aarch64-linux-gnu/libxcb-shape.so;/home/danial/rk-deb10-sysroot/usr/lib/aarch64-linux-gnu/libxcb-xfixes.so;/home/danial/rk-deb10-sysroot/usr/lib/aarch64-linux-gnu/libxcb-shm.so;/home/danial/rk-deb10-sysroot/usr/lib/aarch64-linux-gnu/libxcb-dri2.so;/home/danial/rk-deb10-sysroot/usr/lib/aarch64-linux-gnu/libxcb-dri3.so;/home/danial/rk-deb10-sysroot/usr/lib/aarch64-linux-gnu/libxcb-glx.so;/home/danial/rk-deb10-sysroot/usr/lib/aarch64-linux-gnu/libxcb-present.so;/home/danial/rk-deb10-sysroot/usr/lib/aarch64-linux-gnu/libxcb-randr.so;/home/danial/rk-deb10-sysroot/usr/lib/aarch64-linux-gnu/libxcb-sync.so  found components: GLX 
-- XCB: XINPUT requires XCB
CMake Warning (dev) at qtbase/cmake/3rdparty/extra-cmake-modules/find-modules/FindXCB.cmake:180 (message):
  XINPUT from XCB was requested: this is EXPERIMENTAL and is likely to
  unavailable on many systems!
Call Stack (most recent call first):
  qtbase/cmake/QtFindPackageHelpers.cmake:130 (find_package)
  qtbase/src/gui/configure.cmake:119 (qt_find_package)
  qtbase/cmake/QtFeature.cmake:573 (include)
  qtbase/src/CMakeLists.txt:12 (qt_feature_evaluate_features)
This warning is for project developers.  Use -Wno-dev to suppress it.

-- Could NOT find XCB_XINPUT (missing: XCB_XINPUT_LIBRARY XCB_XINPUT_INCLUDE_DIR) (found version "")
-- Could NOT find XCB (missing: XINPUT) (Required is at least version "1.12")
-- Found XKB: /home/danial/rk-deb10-sysroot/usr/lib/aarch64-linux-gnu/libxkbcommon.so (found suitable version "0.8.2", minimum required is "0.5.0") 
-- Checking for module 'xkbcommon-x11>=0.4.1'
--   No package 'xkbcommon-x11' found
-- Checking for module 'xrender'
--   Package 'xproto', required by 'xrender', not found
-- Performing Test HAVE_drm_atomic
-- Performing Test HAVE_drm_atomic - Success
-- Performing Test HAVE_egl_x11
-- Performing Test HAVE_egl_x11 - Success
-- Performing Test HAVE_egl_brcm
-- Performing Test HAVE_egl_brcm - Failed
-- Performing Test HAVE_egl_egldevice
-- Performing Test HAVE_egl_egldevice - Success
-- Performing Test HAVE_egl_mali
-- Performing Test HAVE_egl_mali - Failed
-- Performing Test HAVE_egl_mali_2
-- Performing Test HAVE_egl_mali_2 - Failed
-- Performing Test HAVE_egl_viv
-- Performing Test HAVE_egl_viv - Failed
-- Performing Test HAVE_egl_openwfd
-- Performing Test HAVE_egl_openwfd - Failed
-- Performing Test HAVE_egl_rcar
-- Performing Test HAVE_egl_rcar - Failed
-- Performing Test HAVE_evdev
-- Performing Test HAVE_evdev - Success
-- Performing Test HAVE_integrityfb
-- Performing Test HAVE_integrityfb - Failed
-- Performing Test HAVE_linuxfb
-- Performing Test HAVE_linuxfb - Success
-- Performing Test HAVE_opengles3
-- Performing Test HAVE_opengles3 - Success
-- Performing Test HAVE_opengles31
-- Performing Test HAVE_opengles31 - Success
-- Performing Test HAVE_opengles32
-- Performing Test HAVE_opengles32 - Success
-- Performing Test HAVE_directwrite
-- Performing Test HAVE_directwrite - Failed
-- Performing Test HAVE_directwrite3
-- Performing Test HAVE_directwrite3 - Failed
-- Performing Test HAVE_d2d1
-- Performing Test HAVE_d2d1 - Failed
-- Performing Test HAVE_d2d1_1
-- Performing Test HAVE_d2d1_1 - Failed
-- Searching for tool 'Qt6::moc' in package Qt6CoreTools.
-- Qt6::moc was found at /home/danial/Qt/6.2.4/gcc_64/./libexec/moc using package Qt6CoreTools.
-- Tool 'Qt6::rcc' was found at /home/danial/Qt/6.2.4/gcc_64/./libexec/rcc.
-- Tool 'Qt6::tracegen' was found at /home/danial/Qt/6.2.4/gcc_64/./libexec/tracegen.
-- Tool 'Qt6::cmake_automoc_parser' was found at /home/danial/Qt/6.2.4/gcc_64/./libexec/cmake_automoc_parser.
-- Looking for pthread.h
-- Looking for pthread.h - found
-- Performing Test CMAKE_HAVE_LIBC_PTHREAD
-- Performing Test CMAKE_HAVE_LIBC_PTHREAD - Failed
-- Looking for pthread_create in pthreads
-- Looking for pthread_create in pthreads - not found
-- Looking for pthread_create in pthread
-- Looking for pthread_create in pthread - found
-- Found Threads: TRUE  
-- Using Qt bundled PCRE2.
-- Found WrapPCRE2: TRUE  
-- Using source syncqt found at: /home/danial/qt-everywhere-src-6.2.4/qtbase/libexec/syncqt.pl
-- Running syncqt for module: 'QtCore' 
-- Could NOT find double-conversion (missing: double-conversion_DIR)
-- Could NOT find WrapDoubleConversion (missing: WrapDoubleConversion_FOUND) 
-- Found the following ICU libraries:
--   i18n (required)
--   uc (required)
--   data (required)
-- Checking for module 'libsystemd'
--   No package 'libsystemd' found
-- Checking for module 'libb2'
--   No package 'libb2' found
-- Could NOT find LTTngUST (missing: LTTNGUST_LIBRARIES LTTNGUST_INCLUDE_DIRS) 
-- Could NOT find WrapSystemPCRE2 (missing: PCRE2_LIBRARIES PCRE2_INCLUDE_DIRS __pcre2_found) (Required is at least version "10.20")
-- Could NOT find Slog2 (missing: Slog2_INCLUDE_DIR Slog2_LIBRARY) 
-- Performing Test HAVE_DASH_UNDEFINED_SYMBOLS
-- Performing Test HAVE_DASH_UNDEFINED_SYMBOLS - Success
-- Performing Test HAVE_DASH_DASH_NO_UNDEFINED
-- Performing Test HAVE_DASH_DASH_NO_UNDEFINED - Success
-- xmlstarlet command was not found. freedesktop.org.xml will not be minified.
-- Running syncqt for module: 'QtConcurrent' 
-- Running syncqt for module: 'QtSql' 
QtSql: created deprecated header(s) { qsql.h }
-- Running syncqt for module: 'QtNetwork' 
-- Checking for module 'libproxy-1.0'
--   No package 'libproxy-1.0' found
-- Could NOT find OpenSSL, try to set the path to OpenSSL root folder in the system variable OPENSSL_ROOT_DIR (missing: OPENSSL_CRYPTO_LIBRARY OPENSSL_INCLUDE_DIR) 
-- Could NOT find WrapOpenSSLHeaders (missing: OPENSSL_INCLUDE_DIR) 
-- Could NOT find OpenSSL, try to set the path to OpenSSL root folder in the system variable OPENSSL_ROOT_DIR (missing: OPENSSL_CRYPTO_LIBRARY OPENSSL_INCLUDE_DIR) 
-- Could NOT find WrapOpenSSLHeaders (missing: OPENSSL_INCLUDE_DIR) 
-- Could NOT find WrapOpenSSL (missing: OPENSSL_CRYPTO_LIBRARY OPENSSL_INCLUDE_DIR) 
-- Could NOT find GSSAPI (missing: GSSAPI_LIBRARIES GSSAPI_INCLUDE_DIRS) 
-- Running syncqt for module: 'QtXml' 
-- Searching for tool 'Qt6::uic' in package Qt6WidgetsTools.
-- Qt6::uic was found at /home/danial/Qt/6.2.4/gcc_64/./libexec/uic using package Qt6WidgetsTools.
-- Searching for tool 'Qt6::qdbuscpp2xml' in package Qt6DBusTools.
-- Qt6::qdbuscpp2xml was found at /home/danial/Qt/6.2.4/gcc_64/bin/qdbuscpp2xml using package Qt6DBusTools.
-- Tool 'Qt6::qdbusxml2cpp' was found at /home/danial/Qt/6.2.4/gcc_64/bin/qdbusxml2cpp.
-- Tool 'Qt6::qlalr' was found at /home/danial/Qt/6.2.4/gcc_64/./libexec/qlalr.
-- Tool 'Qt6::qvkgen' was found at /home/danial/Qt/6.2.4/gcc_64/./libexec/qvkgen.
-- Tool 'Qt6::qtpaths' was found at /home/danial/Qt/6.2.4/gcc_64/bin/qtpaths.
-- Running syncqt for module: 'QtDBus' 
QtDBus: created deprecated header(s) { qdbusmacros.h }
-- Using Qt bundled Harfbuzz.
-- Found WrapHarfbuzz: TRUE  
-- Using system PNG.
-- Found WrapPNG: TRUE  
-- Using system Freetype.
-- Found WrapFreetype: TRUE  
-- Running syncqt for module: 'QtGui' 
-- Checking for module 'atspi-2'
--   Found atspi-2, version 2.29.1
-- Checking for module 'directfb'
--   No package 'directfb' found
-- Could NOT find WrapSystemHarfbuzz: Found unsuitable version "2.3.1", but required is at least "2.6.0" (found /home/danial/rk-deb10-sysroot/usr/lib/aarch64-linux-gnu/libharfbuzz.so)
-- Could NOT find Libinput (missing: Libinput_LIBRARY Libinput_INCLUDE_DIR) 
-- Could NOT find md4c (missing: md4c_DIR)
-- Checking for module 'mtdev'
--   No package 'mtdev' found
-- Checking for module 'tslib'
--   No package 'tslib' found
-- Could NOT find WrapVulkanHeaders (missing: Vulkan_INCLUDE_DIR) 
-- Could NOT find XCB_ATOM (missing: XCB_ATOM_LIBRARY XCB_ATOM_INCLUDE_DIR) (found version "")
-- Could NOT find XCB_AUX (missing: XCB_AUX_LIBRARY XCB_AUX_INCLUDE_DIR) (found version "")
-- Could NOT find XCB_COMPOSITE (missing: XCB_COMPOSITE_LIBRARY XCB_COMPOSITE_INCLUDE_DIR) (found version "")
-- Could NOT find XCB_CURSOR (missing: XCB_CURSOR_LIBRARY XCB_CURSOR_INCLUDE_DIR) (found version "")
-- Could NOT find XCB_DAMAGE (missing: XCB_DAMAGE_LIBRARY XCB_DAMAGE_INCLUDE_DIR) (found version "")
-- Could NOT find XCB_DPMS (missing: XCB_DPMS_LIBRARY XCB_DPMS_INCLUDE_DIR) (found version "")
-- Could NOT find XCB_EVENT (missing: XCB_EVENT_LIBRARY XCB_EVENT_INCLUDE_DIR) (found version "")
-- Could NOT find XCB_EWMH (missing: XCB_EWMH_LIBRARY XCB_EWMH_INCLUDE_DIR) (found version "")
-- Could NOT find XCB_ICCCM (missing: XCB_ICCCM_LIBRARY XCB_ICCCM_INCLUDE_DIR) (found version "")
-- Could NOT find XCB_IMAGE (missing: XCB_IMAGE_LIBRARY XCB_IMAGE_INCLUDE_DIR) (found version "")
-- Could NOT find XCB_KEYSYMS (missing: XCB_KEYSYMS_LIBRARY XCB_KEYSYMS_INCLUDE_DIR) (found version "")
-- Could NOT find XCB_RECORD (missing: XCB_RECORD_LIBRARY XCB_RECORD_INCLUDE_DIR) (found version "")
-- Could NOT find XCB_RENDERUTIL (missing: XCB_RENDERUTIL_LIBRARY XCB_RENDERUTIL_INCLUDE_DIR) (found version "")
-- Could NOT find XCB_RES (missing: XCB_RES_LIBRARY XCB_RES_INCLUDE_DIR) (found version "")
-- Could NOT find XCB_SCREENSAVER (missing: XCB_SCREENSAVER_LIBRARY XCB_SCREENSAVER_INCLUDE_DIR) (found version "")
-- Could NOT find XCB_UTIL (missing: XCB_UTIL_LIBRARY XCB_UTIL_INCLUDE_DIR) (found version "")
-- Could NOT find XCB_XEVIE (missing: XCB_XEVIE_LIBRARY XCB_XEVIE_INCLUDE_DIR) (found version "")
-- Could NOT find XCB_XF86DRI (missing: XCB_XF86DRI_LIBRARY XCB_XF86DRI_INCLUDE_DIR) (found version "")
-- Could NOT find XCB_XINERAMA (missing: XCB_XINERAMA_LIBRARY XCB_XINERAMA_INCLUDE_DIR) (found version "")
-- Could NOT find XCB_XKB (missing: XCB_XKB_LIBRARY XCB_XKB_INCLUDE_DIR) (found version "")
-- Could NOT find XCB_XPRINT (missing: XCB_XPRINT_LIBRARY XCB_XPRINT_INCLUDE_DIR) (found version "")
-- Could NOT find XCB_XTEST (missing: XCB_XTEST_LIBRARY XCB_XTEST_INCLUDE_DIR) (found version "")
-- Could NOT find XCB_XV (missing: XCB_XV_LIBRARY XCB_XV_INCLUDE_DIR) (found version "")
-- Could NOT find XCB_XVMC (missing: XCB_XVMC_LIBRARY XCB_XVMC_INCLUDE_DIR XCB_XV_FOUND) (found version "")
-- Found XCB: /home/danial/rk-deb10-sysroot/usr/lib/aarch64-linux-gnu/libxcb.so;/home/danial/rk-deb10-sysroot/usr/lib/aarch64-linux-gnu/libxcb-render.so;/home/danial/rk-deb10-sysroot/usr/lib/aarch64-linux-gnu/libxcb-shape.so;/home/danial/rk-deb10-sysroot/usr/lib/aarch64-linux-gnu/libxcb-xfixes.so;/home/danial/rk-deb10-sysroot/usr/lib/aarch64-linux-gnu/libxcb-shm.so;/home/danial/rk-deb10-sysroot/usr/lib/aarch64-linux-gnu/libxcb-dri2.so;/home/danial/rk-deb10-sysroot/usr/lib/aarch64-linux-gnu/libxcb-dri3.so;/home/danial/rk-deb10-sysroot/usr/lib/aarch64-linux-gnu/libxcb-glx.so;/home/danial/rk-deb10-sysroot/usr/lib/aarch64-linux-gnu/libxcb-present.so;/home/danial/rk-deb10-sysroot/usr/lib/aarch64-linux-gnu/libxcb-randr.so;/home/danial/rk-deb10-sysroot/usr/lib/aarch64-linux-gnu/libxcb-sync.so (Required is at least version "1.11")  
-- XCB: ICCCM requires XCB
-- Could NOT find XCB_ICCCM (missing: XCB_ICCCM_LIBRARY XCB_ICCCM_INCLUDE_DIR) (found version "")
-- Could NOT find XCB (missing: ICCCM) (Required is at least version "0.3.9")
-- XCB: IMAGE requires XCB;SHM
-- XCB: IMAGE requires XCB;SHM
-- Could NOT find XCB_IMAGE (missing: XCB_IMAGE_LIBRARY XCB_IMAGE_INCLUDE_DIR) (found version "")
-- Could NOT find XCB (missing: IMAGE) (Required is at least version "0.3.9")
-- XCB: KEYSYMS requires XCB
-- Could NOT find XCB_KEYSYMS (missing: XCB_KEYSYMS_LIBRARY XCB_KEYSYMS_INCLUDE_DIR) (found version "")
-- Could NOT find XCB (missing: KEYSYMS) (Required is at least version "0.3.9")
-- XCB: RENDERUTIL requires XCB;RENDER
-- XCB: RENDERUTIL requires XCB;RENDER
-- Could NOT find XCB_RENDERUTIL (missing: XCB_RENDERUTIL_LIBRARY XCB_RENDERUTIL_INCLUDE_DIR) (found version "")
-- Could NOT find XCB (missing: RENDERUTIL) (Required is at least version "0.3.9")
-- XCB: RANDR requires XCB
-- Found XCB: /home/danial/rk-deb10-sysroot/usr/lib/aarch64-linux-gnu/libxcb.so;/home/danial/rk-deb10-sysroot/usr/lib/aarch64-linux-gnu/libxcb-render.so;/home/danial/rk-deb10-sysroot/usr/lib/aarch64-linux-gnu/libxcb-shape.so;/home/danial/rk-deb10-sysroot/usr/lib/aarch64-linux-gnu/libxcb-xfixes.so;/home/danial/rk-deb10-sysroot/usr/lib/aarch64-linux-gnu/libxcb-shm.so;/home/danial/rk-deb10-sysroot/usr/lib/aarch64-linux-gnu/libxcb-dri2.so;/home/danial/rk-deb10-sysroot/usr/lib/aarch64-linux-gnu/libxcb-dri3.so;/home/danial/rk-deb10-sysroot/usr/lib/aarch64-linux-gnu/libxcb-glx.so;/home/danial/rk-deb10-sysroot/usr/lib/aarch64-linux-gnu/libxcb-present.so;/home/danial/rk-deb10-sysroot/usr/lib/aarch64-linux-gnu/libxcb-randr.so;/home/danial/rk-deb10-sysroot/usr/lib/aarch64-linux-gnu/libxcb-sync.so  found components: RANDR 
-- XCB: SHAPE requires XCB
-- Found XCB: /home/danial/rk-deb10-sysroot/usr/lib/aarch64-linux-gnu/libxcb.so;/home/danial/rk-deb10-sysroot/usr/lib/aarch64-linux-gnu/libxcb-render.so;/home/danial/rk-deb10-sysroot/usr/lib/aarch64-linux-gnu/libxcb-shape.so;/home/danial/rk-deb10-sysroot/usr/lib/aarch64-linux-gnu/libxcb-xfixes.so;/home/danial/rk-deb10-sysroot/usr/lib/aarch64-linux-gnu/libxcb-shm.so;/home/danial/rk-deb10-sysroot/usr/lib/aarch64-linux-gnu/libxcb-dri2.so;/home/danial/rk-deb10-sysroot/usr/lib/aarch64-linux-gnu/libxcb-dri3.so;/home/danial/rk-deb10-sysroot/usr/lib/aarch64-linux-gnu/libxcb-glx.so;/home/danial/rk-deb10-sysroot/usr/lib/aarch64-linux-gnu/libxcb-present.so;/home/danial/rk-deb10-sysroot/usr/lib/aarch64-linux-gnu/libxcb-randr.so;/home/danial/rk-deb10-sysroot/usr/lib/aarch64-linux-gnu/libxcb-sync.so  found components: SHAPE 
-- XCB: SHM requires XCB
-- Found XCB: /home/danial/rk-deb10-sysroot/usr/lib/aarch64-linux-gnu/libxcb.so;/home/danial/rk-deb10-sysroot/usr/lib/aarch64-linux-gnu/libxcb-render.so;/home/danial/rk-deb10-sysroot/usr/lib/aarch64-linux-gnu/libxcb-shape.so;/home/danial/rk-deb10-sysroot/usr/lib/aarch64-linux-gnu/libxcb-xfixes.so;/home/danial/rk-deb10-sysroot/usr/lib/aarch64-linux-gnu/libxcb-shm.so;/home/danial/rk-deb10-sysroot/usr/lib/aarch64-linux-gnu/libxcb-dri2.so;/home/danial/rk-deb10-sysroot/usr/lib/aarch64-linux-gnu/libxcb-dri3.so;/home/danial/rk-deb10-sysroot/usr/lib/aarch64-linux-gnu/libxcb-glx.so;/home/danial/rk-deb10-sysroot/usr/lib/aarch64-linux-gnu/libxcb-present.so;/home/danial/rk-deb10-sysroot/usr/lib/aarch64-linux-gnu/libxcb-randr.so;/home/danial/rk-deb10-sysroot/usr/lib/aarch64-linux-gnu/libxcb-sync.so  found components: SHM 
-- XCB: SYNC requires XCB
-- Found XCB: /home/danial/rk-deb10-sysroot/usr/lib/aarch64-linux-gnu/libxcb.so;/home/danial/rk-deb10-sysroot/usr/lib/aarch64-linux-gnu/libxcb-render.so;/home/danial/rk-deb10-sysroot/usr/lib/aarch64-linux-gnu/libxcb-shape.so;/home/danial/rk-deb10-sysroot/usr/lib/aarch64-linux-gnu/libxcb-xfixes.so;/home/danial/rk-deb10-sysroot/usr/lib/aarch64-linux-gnu/libxcb-shm.so;/home/danial/rk-deb10-sysroot/usr/lib/aarch64-linux-gnu/libxcb-dri2.so;/home/danial/rk-deb10-sysroot/usr/lib/aarch64-linux-gnu/libxcb-dri3.so;/home/danial/rk-deb10-sysroot/usr/lib/aarch64-linux-gnu/libxcb-glx.so;/home/danial/rk-deb10-sysroot/usr/lib/aarch64-linux-gnu/libxcb-present.so;/home/danial/rk-deb10-sysroot/usr/lib/aarch64-linux-gnu/libxcb-randr.so;/home/danial/rk-deb10-sysroot/usr/lib/aarch64-linux-gnu/libxcb-sync.so  found components: SYNC 
-- XCB: XFIXES requires XCB;RENDER;SHAPE
-- XCB: XFIXES requires XCB;RENDER;SHAPE
-- XCB: XFIXES requires XCB;RENDER;SHAPE
-- Found XCB: /home/danial/rk-deb10-sysroot/usr/lib/aarch64-linux-gnu/libxcb.so;/home/danial/rk-deb10-sysroot/usr/lib/aarch64-linux-gnu/libxcb-render.so;/home/danial/rk-deb10-sysroot/usr/lib/aarch64-linux-gnu/libxcb-shape.so;/home/danial/rk-deb10-sysroot/usr/lib/aarch64-linux-gnu/libxcb-xfixes.so;/home/danial/rk-deb10-sysroot/usr/lib/aarch64-linux-gnu/libxcb-shm.so;/home/danial/rk-deb10-sysroot/usr/lib/aarch64-linux-gnu/libxcb-dri2.so;/home/danial/rk-deb10-sysroot/usr/lib/aarch64-linux-gnu/libxcb-dri3.so;/home/danial/rk-deb10-sysroot/usr/lib/aarch64-linux-gnu/libxcb-glx.so;/home/danial/rk-deb10-sysroot/usr/lib/aarch64-linux-gnu/libxcb-present.so;/home/danial/rk-deb10-sysroot/usr/lib/aarch64-linux-gnu/libxcb-randr.so;/home/danial/rk-deb10-sysroot/usr/lib/aarch64-linux-gnu/libxcb-sync.so  found components: XFIXES 
-- XCB: XKB requires XCB
-- Could NOT find XCB_XKB (missing: XCB_XKB_LIBRARY XCB_XKB_INCLUDE_DIR) (found version "")
-- Could NOT find XCB (missing: XKB) 
-- XCB: RENDER requires XCB
-- Found XCB: /home/danial/rk-deb10-sysroot/usr/lib/aarch64-linux-gnu/libxcb.so;/home/danial/rk-deb10-sysroot/usr/lib/aarch64-linux-gnu/libxcb-render.so;/home/danial/rk-deb10-sysroot/usr/lib/aarch64-linux-gnu/libxcb-shape.so;/home/danial/rk-deb10-sysroot/usr/lib/aarch64-linux-gnu/libxcb-xfixes.so;/home/danial/rk-deb10-sysroot/usr/lib/aarch64-linux-gnu/libxcb-shm.so;/home/danial/rk-deb10-sysroot/usr/lib/aarch64-linux-gnu/libxcb-dri2.so;/home/danial/rk-deb10-sysroot/usr/lib/aarch64-linux-gnu/libxcb-dri3.so;/home/danial/rk-deb10-sysroot/usr/lib/aarch64-linux-gnu/libxcb-glx.so;/home/danial/rk-deb10-sysroot/usr/lib/aarch64-linux-gnu/libxcb-present.so;/home/danial/rk-deb10-sysroot/usr/lib/aarch64-linux-gnu/libxcb-randr.so;/home/danial/rk-deb10-sysroot/usr/lib/aarch64-linux-gnu/libxcb-sync.so  found components: RENDER 
-- XCB: GLX requires XCB
-- Found XCB: /home/danial/rk-deb10-sysroot/usr/lib/aarch64-linux-gnu/libxcb.so;/home/danial/rk-deb10-sysroot/usr/lib/aarch64-linux-gnu/libxcb-render.so;/home/danial/rk-deb10-sysroot/usr/lib/aarch64-linux-gnu/libxcb-shape.so;/home/danial/rk-deb10-sysroot/usr/lib/aarch64-linux-gnu/libxcb-xfixes.so;/home/danial/rk-deb10-sysroot/usr/lib/aarch64-linux-gnu/libxcb-shm.so;/home/danial/rk-deb10-sysroot/usr/lib/aarch64-linux-gnu/libxcb-dri2.so;/home/danial/rk-deb10-sysroot/usr/lib/aarch64-linux-gnu/libxcb-dri3.so;/home/danial/rk-deb10-sysroot/usr/lib/aarch64-linux-gnu/libxcb-glx.so;/home/danial/rk-deb10-sysroot/usr/lib/aarch64-linux-gnu/libxcb-present.so;/home/danial/rk-deb10-sysroot/usr/lib/aarch64-linux-gnu/libxcb-randr.so;/home/danial/rk-deb10-sysroot/usr/lib/aarch64-linux-gnu/libxcb-sync.so  found components: GLX 
-- XCB: XINPUT requires XCB
CMake Warning (dev) at qtbase/cmake/3rdparty/extra-cmake-modules/find-modules/FindXCB.cmake:180 (message):
  XINPUT from XCB was requested: this is EXPERIMENTAL and is likely to
  unavailable on many systems!
Call Stack (most recent call first):
  qtbase/cmake/QtFindPackageHelpers.cmake:130 (find_package)
  qtbase/src/gui/configure.cmake:119 (qt_find_package)
  qtbase/cmake/QtModuleHelpers.cmake:515 (include)
  qtbase/src/gui/CMakeLists.txt:53 (qt_internal_add_module)
This warning is for project developers.  Use -Wno-dev to suppress it.

-- Could NOT find XCB_XINPUT (missing: XCB_XINPUT_LIBRARY XCB_XINPUT_INCLUDE_DIR) (found version "")
-- Could NOT find XCB (missing: XINPUT) (Required is at least version "1.12")
-- Checking for module 'xkbcommon-x11>=0.4.1'
--   No package 'xkbcommon-x11' found
-- Checking for module 'xrender'
--   Package 'xproto', required by 'xrender', not found
-- Running syncqt for module: 'QtOpenGL' 
-- Running syncqt for module: 'QtWidgets' 
-- Checking for module 'gtk+-3.0 >= 3.6'
--   Package 'xproto', required by 'xau', not found
-- Running syncqt for module: 'QtOpenGLWidgets' 
-- Running syncqt for module: 'QtDeviceDiscoverySupport' 
-- Running syncqt for module: 'QtFbSupport' 
-- Could NOT find Libinput (missing: Libinput_LIBRARY Libinput_INCLUDE_DIR) 
-- Found XKB: /home/danial/rk-deb10-sysroot/usr/lib/aarch64-linux-gnu/libxkbcommon.so (found version "0.8.2") 
-- Checking for module 'tslib'
--   No package 'tslib' found
-- Checking for module 'mtdev'
--   No package 'mtdev' found
-- Running syncqt for module: 'QtInputSupport' 
-- Running syncqt for module: 'QtKmsSupport' 
-- Running syncqt for module: 'QtTest' 
QtTest: created deprecated header(s) { qtest_global.h }
-- Running syncqt for module: 'QtPrintSupport' 
-- Could NOT find Cups (missing: CUPS_LIBRARIES CUPS_INCLUDE_DIR) 
-- Could NOT find DB2 (missing: DB2_INCLUDE_DIR DB2_LIBRARY) 
-- Could NOT find MySQL (missing: MySQL_LIBRARY MySQL_INCLUDE_DIR) 
-- Could NOT find PostgreSQL (missing: PostgreSQL_LIBRARY PostgreSQL_INCLUDE_DIR) 
-- Could NOT find Oracle (missing: Oracle_LIBRARY Oracle_INCLUDE_DIR) 
-- Could NOT find ODBC (missing: ODBC_LIBRARY ODBC_INCLUDE_DIR) 
-- Could NOT find SQLite3 (missing: SQLite3_INCLUDE_DIR SQLite3_LIBRARY) 
-- Could NOT find Interbase (missing: Interbase_LIBRARY Interbase_INCLUDE_DIR) 
-- Running syncqt for module: 'QtEglFSDeviceIntegration' 
-- Running syncqt for module: 'QtEglFsKmsSupport' 
-- Running syncqt for module: 'QtEglFsKmsGbmSupport' 
Configuring 'qtshadertools'
-- Check if compiler accepts -pthread
-- Check if compiler accepts -pthread - yes
-- CMAKE_BUILD_TYPE was set to: 'Release'
-- Running syncqt for module: 'QtShaderTools' 
-- Searching for tool 'Qt6::qsb' in package Qt6ShaderToolsTools.
-- Qt6::qsb was found at /home/danial/Qt/6.2.4/gcc_64/bin/qsb using package Qt6ShaderToolsTools.
Configuring 'qtsvg'
-- CMAKE_BUILD_TYPE was set to: 'Release'
-- Running syncqt for module: 'QtSvg' 
-- Running syncqt for module: 'QtSvgWidgets' 
Configuring 'qtimageformats'
-- CMAKE_BUILD_TYPE was set to: 'Release'
-- Could NOT find Jasper (missing: JASPER_LIBRARIES JASPER_INCLUDE_DIR) 
-- Found TIFF: /home/danial/rk-deb10-sysroot/usr/lib/aarch64-linux-gnu/libtiff.so (found version "4.1.0")  
-- Checking for module 'libwebp'
--   No package 'libwebp' found
-- Checking for module 'libwebpdemux'
--   No package 'libwebpdemux' found
-- Checking for module 'libwebpmux'
--   No package 'libwebpmux' found
-- Could NOT find WrapWebP (missing: WebP_INCLUDE_DIR WebP_LIBRARY WebP_demux_INCLUDE_DIR WebP_demux_LIBRARY WebP_mux_INCLUDE_DIR WebP_mux_LIBRARY) 
-- Checking for module 'libmng'
--   No package 'libmng' found
-- Could NOT find Libmng (missing: LIBMNG_LIBRARY LIBMNG_INCLUDE_DIR) 
Configuring 'qtdeclarative'
-- CMAKE_BUILD_TYPE was set to: 'Release'
-- Searching for tool 'Qt6::qmltyperegistrar' in package Qt6QmlTools.
-- Qt6::qmltyperegistrar was found at /home/danial/Qt/6.2.4/gcc_64/./libexec/qmltyperegistrar using package Qt6QmlTools.
-- Could NOT find LTTngUST (missing: LTTNGUST_LIBRARIES LTTNGUST_INCLUDE_DIRS) 
-- Found Python: /usr/bin/python3.10 (found version "3.10.12") found components: Interpreter 
-- Performing Test HAVE_pointer_32bit
-- Performing Test HAVE_pointer_32bit - Failed
-- Performing Test HAVE_pointer_64bit
-- Performing Test HAVE_pointer_64bit - Success
-- Performing Test HAVE_arm_thumb
-- Performing Test HAVE_arm_thumb - Failed
-- Performing Test HAVE_arm_fp
-- Performing Test HAVE_arm_fp - Success
-- Running syncqt for module: 'QtQml' 
-- Could NOT find LTTngUST (missing: LTTNGUST_LIBRARIES LTTNGUST_INCLUDE_DIRS) 
-- Running syncqt for module: 'QtQmlModels' 
-- Running syncqt for module: 'QtQmlCore' 
-- Running syncqt for module: 'QtQmlWorkerScript' 
-- Running syncqt for module: 'QtQmlLocalStorage' 
-- Running syncqt for module: 'QtQmlXmlListModel' 
-- Running syncqt for module: 'QtQuick' 
-- Could NOT find LTTngUST (missing: LTTNGUST_LIBRARIES LTTNGUST_INCLUDE_DIRS) 
-- Running syncqt for module: 'QtQuickShapes' 
-- Running syncqt for module: 'QtQuickLayouts' 
-- Running syncqt for module: 'QtQuickTest' 
-- Running syncqt for module: 'QtQuickTestUtils' 
-- Running syncqt for module: 'QtQuickParticles' 
-- Running syncqt for module: 'QtQuickWidgets' 
-- Running syncqt for module: 'QtQuickTemplates2' 
-- Running syncqt for module: 'QtQuickControls2Impl' 
-- Running syncqt for module: 'QtQuickControls2' 
-- Running syncqt for module: 'QtQuickDialogs2Utils' 
-- Running syncqt for module: 'QtQuickDialogs2QuickImpl' 
-- Running syncqt for module: 'QtQuickDialogs2' 
-- Running syncqt for module: 'QtQuickControlsTestUtils' 
-- Running syncqt for module: 'QtLabsSettings' 
-- Running syncqt for module: 'QtLabsQmlModels' 
-- Running syncqt for module: 'QtLabsFolderListModel' 
-- Running syncqt for module: 'QtLabsAnimation' 
-- Running syncqt for module: 'QtLabsWavefrontMesh' 
-- Running syncqt for module: 'QtLabsSharedImage' 
-- Running syncqt for module: 'QtPacketProtocol' 
-- Running syncqt for module: 'QtQmlDom' 
-- Running syncqt for module: 'QtQmlCompiler' 
-- Tool 'Qt6::qmlcachegen' was found at /home/danial/Qt/6.2.4/gcc_64/./libexec/qmlcachegen.
-- Running syncqt for module: 'QtQmlDebug' 
-- Tool 'Qt6::qmldom' was found at /home/danial/Qt/6.2.4/gcc_64/bin/qmldom.
-- Tool 'Qt6::qmllint' was found at /home/danial/Qt/6.2.4/gcc_64/bin/qmllint.
-- Tool 'Qt6::qmlimportscanner' was found at /home/danial/Qt/6.2.4/gcc_64/./libexec/qmlimportscanner.
-- Tool 'Qt6::qmlformat' was found at /home/danial/Qt/6.2.4/gcc_64/bin/qmlformat.
-- Tool 'Qt6::qmlprofiler' was found at /home/danial/Qt/6.2.4/gcc_64/bin/qmlprofiler.
-- Tool 'Qt6::qmltime' was found at /home/danial/Qt/6.2.4/gcc_64/bin/qmltime.
-- Tool 'Qt6::qmlplugindump' was found at /home/danial/Qt/6.2.4/gcc_64/bin/qmlplugindump.
-- Tool 'Qt6::qmltestrunner' was found at /home/danial/Qt/6.2.4/gcc_64/bin/qmltestrunner.
Configuring 'qt3d'
-- CMAKE_BUILD_TYPE was set to: 'Release'
-- Running syncqt for module: 'Qt3DCore' 
-- Could NOT find WrapQt3DAssimp (missing: WrapQt3DAssimp_FOUND) (Required is at least version "5")
-- Performing Test 
-- Performing Test  - Failed
-- Running syncqt for module: 'Qt3DLogic' 
-- Running syncqt for module: 'Qt3DInput' 
-- Running syncqt for module: 'Qt3DRender' 
-- Could NOT find Vulkan (missing: Vulkan_LIBRARY Vulkan_INCLUDE_DIR) 
-- Running syncqt for module: 'Qt3DExtras' 
-- Running syncqt for module: 'Qt3DAnimation' 
-- Running syncqt for module: 'Qt3DQuick' 
-- Running syncqt for module: 'Qt3DQuickRender' 
-- Running syncqt for module: 'Qt3DQuickScene2D' 
-- Running syncqt for module: 'Qt3DQuickExtras' 
-- Running syncqt for module: 'Qt3DQuickInput' 
-- Running syncqt for module: 'Qt3DQuickAnimation' 
CMake Warning (dev) at /home/danial/Code/novin-med/projects/5_cross_compile/rockchip/YY3568/Qt6/build-rk3568/qtbase/lib/cmake/Qt6Qml/Qt6QmlBuildInternals.cmake:389 (message):
  INSTALL_SOURCE_QMLTYPES option is deprecated and should not be used.
  Please port your module to use declarative type registration.
Call Stack (most recent call first):
  qt3d/src/quick3d/imports/render/CMakeLists.txt:7 (qt_internal_add_qml_module)
This warning is for project developers.  Use -Wno-dev to suppress it.

CMake Warning (dev) at /home/danial/Code/novin-med/projects/5_cross_compile/rockchip/YY3568/Qt6/build-rk3568/qtbase/lib/cmake/Qt6Qml/Qt6QmlBuildInternals.cmake:389 (message):
  INSTALL_SOURCE_QMLTYPES option is deprecated and should not be used.
  Please port your module to use declarative type registration.
Call Stack (most recent call first):
  qt3d/src/quick3d/imports/scene3d/CMakeLists.txt:7 (qt_internal_add_qml_module)
This warning is for project developers.  Use -Wno-dev to suppress it.

CMake Warning (dev) at /home/danial/Code/novin-med/projects/5_cross_compile/rockchip/YY3568/Qt6/build-rk3568/qtbase/lib/cmake/Qt6Qml/Qt6QmlBuildInternals.cmake:389 (message):
  INSTALL_SOURCE_QMLTYPES option is deprecated and should not be used.
  Please port your module to use declarative type registration.
Call Stack (most recent call first):
  qt3d/src/quick3d/imports/extras/CMakeLists.txt:7 (qt_internal_add_qml_module)
This warning is for project developers.  Use -Wno-dev to suppress it.

CMake Warning (dev) at /home/danial/Code/novin-med/projects/5_cross_compile/rockchip/YY3568/Qt6/build-rk3568/qtbase/lib/cmake/Qt6Qml/Qt6QmlBuildInternals.cmake:389 (message):
  INSTALL_SOURCE_QMLTYPES option is deprecated and should not be used.
  Please port your module to use declarative type registration.
Call Stack (most recent call first):
  qt3d/src/quick3d/imports/scene2d/CMakeLists.txt:7 (qt_internal_add_qml_module)
This warning is for project developers.  Use -Wno-dev to suppress it.

CMake Warning (dev) at /home/danial/Code/novin-med/projects/5_cross_compile/rockchip/YY3568/Qt6/build-rk3568/qtbase/lib/cmake/Qt6Qml/Qt6QmlBuildInternals.cmake:389 (message):
  INSTALL_SOURCE_QMLTYPES option is deprecated and should not be used.
  Please port your module to use declarative type registration.
Call Stack (most recent call first):
  qt3d/src/quick3d/imports/input/CMakeLists.txt:7 (qt_internal_add_qml_module)
This warning is for project developers.  Use -Wno-dev to suppress it.

CMake Warning (dev) at /home/danial/Code/novin-med/projects/5_cross_compile/rockchip/YY3568/Qt6/build-rk3568/qtbase/lib/cmake/Qt6Qml/Qt6QmlBuildInternals.cmake:389 (message):
  INSTALL_SOURCE_QMLTYPES option is deprecated and should not be used.
  Please port your module to use declarative type registration.
Call Stack (most recent call first):
  qt3d/src/quick3d/imports/logic/CMakeLists.txt:7 (qt_internal_add_qml_module)
This warning is for project developers.  Use -Wno-dev to suppress it.

CMake Warning (dev) at /home/danial/Code/novin-med/projects/5_cross_compile/rockchip/YY3568/Qt6/build-rk3568/qtbase/lib/cmake/Qt6Qml/Qt6QmlBuildInternals.cmake:389 (message):
  INSTALL_SOURCE_QMLTYPES option is deprecated and should not be used.
  Please port your module to use declarative type registration.
Call Stack (most recent call first):
  qt3d/src/quick3d/imports/animation/CMakeLists.txt:7 (qt_internal_add_qml_module)
This warning is for project developers.  Use -Wno-dev to suppress it.

-- Performing Test Autodesk FBX
-- Performing Test Autodesk FBX - Failed
Configuring 'qt5compat'
-- CMAKE_BUILD_TYPE was set to: 'Release'
-- Running syncqt for module: 'QtCore5Compat' 
-- Performing Test HAVE_ICONV
-- Performing Test HAVE_ICONV - Success
CMake Warning (dev) at /home/danial/Code/novin-med/projects/5_cross_compile/rockchip/YY3568/Qt6/build-rk3568/qtbase/lib/cmake/Qt6Qml/Qt6QmlBuildInternals.cmake:389 (message):
  INSTALL_SOURCE_QMLTYPES option is deprecated and should not be used.
  Please port your module to use declarative type registration.
Call Stack (most recent call first):
  qt5compat/src/imports/graphicaleffects5/CMakeLists.txt:25 (qt_internal_add_qml_module)
This warning is for project developers.  Use -Wno-dev to suppress it.

Configuring 'qtactiveqt'
Condition "WIN32" is not met, enabling documentation build only.
-- CMAKE_BUILD_TYPE was set to: 'Release'
Configuring 'qtmultimedia'
-- CMAKE_BUILD_TYPE was set to: 'Release'
-- Running syncqt for module: 'QtMultimedia' 
QtMultimedia: created deprecated header(s) { qtmultimediadefs.h }
-- Found ALSA: /home/danial/rk-deb10-sysroot/usr/lib/aarch64-linux-gnu/libasound.so (found version "1.1.8") 
-- Could NOT find AVFoundation (missing: AVFoundation_LIBRARY) 
-- Checking for module 'gobject-2.0'
--   Found gobject-2.0, version 2.58.3
-- Checking for module 'gstreamer-1.0'
--   Found gstreamer-1.0, version 1.14.4
-- Checking for module 'gstreamer-base-1.0'
--   Found gstreamer-base-1.0, version 1.14.4
-- Checking for module 'gstreamer-audio-1.0'
--   Found gstreamer-audio-1.0, version 1.14.4
-- Checking for module 'gstreamer-video-1.0'
--   Found gstreamer-video-1.0, version 1.14.4
-- Checking for module 'gstreamer-pbutils-1.0'
--   Found gstreamer-pbutils-1.0, version 1.14.4
-- Checking for module 'gstreamer-allocators-1.0'
--   Found gstreamer-allocators-1.0, version 1.14.4
-- Found GStreamer: TRUE   
-- Found GLIB2: /home/danial/rk-deb10-sysroot/usr/lib/aarch64-linux-gnu/libglib-2.0.so  
-- Checking for module 'gstreamer-app-1.0'
--   Found gstreamer-app-1.0, version 1.14.4
-- Found GStreamer: TRUE  found components: App 
-- Found GLIB2: /home/danial/rk-deb10-sysroot/usr/lib/aarch64-linux-gnu/libglib-2.0.so  
-- Checking for module 'gstreamer-photography-1.0'
--   No package 'gstreamer-photography-1.0' found
-- Found GStreamer: TRUE   missing components: Photography
-- Found GLIB2: /home/danial/rk-deb10-sysroot/usr/lib/aarch64-linux-gnu/libglib-2.0.so  
-- Checking for module 'gstreamer-gl-1.0'
--   Found gstreamer-gl-1.0, version 1.14.4
-- Found GStreamer: TRUE  found components: Gl 
-- Could NOT find WrapPulseAudio (missing: PULSEAUDIO_LIBRARY PULSEAUDIO_INCLUDE_DIR WrapPulseAudio_FOUND) 
-- Could NOT find WMF (missing: WMF_STRMIIDS_LIBRARY WMF_AMSTRMID_LIBRARY WMF_DMOGUIDS_LIBRARY WMF_MSDMO_LIBRARY WMF_OLE32_LIBRARY WMF_OLEAUT32_LIBRARY WMF_MF_LIBRARY WMF_MFUUID_LIBRARY WMF_MFPLAT_LIBRARY WMF_MFCORE_LIBRARY WMF_PROPSYS_LIBRARY) 
-- Performing Test evr.h
-- Performing Test evr.h - Failed
-- Performing Test Vivante GPU
-- Performing Test Vivante GPU - Failed
-- Performing Test Video for Linux
-- Performing Test Video for Linux - Success
-- Performing Test wmsdk.h
-- Performing Test wmsdk.h - Failed
-- Performing Test HAVE_linux_dmabuf
-- Performing Test HAVE_linux_dmabuf - Success
-- Running syncqt for module: 'QtMultimediaQuick' 
-- Running syncqt for module: 'QtMultimediaWidgets' 
Configuring 'qtcharts'
-- Found XKB: /home/danial/rk-deb10-sysroot/usr/lib/aarch64-linux-gnu/libxkbcommon.so (found suitable version "0.8.2", minimum required is "0.5.0") 
-- CMAKE_BUILD_TYPE was set to: 'Release'
-- Running syncqt for module: 'QtCharts' 
-- Running syncqt for module: 'QtChartsQml' 
Configuring 'qtcoap'
-- CMAKE_BUILD_TYPE was set to: 'Release'
-- Running syncqt for module: 'QtCoap' 
Configuring 'qtconnectivity'
-- CMAKE_BUILD_TYPE was set to: 'Release'
-- Running syncqt for module: 'QtBluetooth' 
-- Checking for module 'bluez'
--   No package 'bluez' found
-- Performing Test BlueZ Low Energy
-- Performing Test BlueZ Low Energy - Failed
-- Performing Test Linux Crypto API
-- Performing Test Linux Crypto API - Success
-- Performing Test WinRT Bluetooth API
-- Performing Test WinRT Bluetooth API - Failed
-- Running syncqt for module: 'QtNfc' 
Configuring 'qtdatavis3d'
Configuring 'qttools'
-- CMAKE_BUILD_TYPE was set to: 'Release'
-- Could NOT find Clang (missing: Clang_DIR)
-- Could NOT find WrapLibClang (missing: WrapLibClang_FOUND) (Required is at least version "8")
-- Running syncqt for module: 'QtTools' 
-- Could NOT find Clang (missing: Clang_DIR)
-- Could NOT find WrapLibClang (missing: WrapLibClang_FOUND) (Required is at least version "8")
-- Searching for tool 'Qt6::lconvert' in package Qt6LinguistTools.
-- Qt6::lconvert was found at /home/danial/Qt/6.2.4/gcc_64/bin/lconvert using package Qt6LinguistTools.
-- Tool 'Qt6::lprodump' was found at /home/danial/Qt/6.2.4/gcc_64/./libexec/lprodump.
-- Tool 'Qt6::lrelease' was found at /home/danial/Qt/6.2.4/gcc_64/bin/lrelease.
-- Tool 'Qt6::lrelease-pro' was found at /home/danial/Qt/6.2.4/gcc_64/./libexec/lrelease-pro.
-- Tool 'Qt6::lupdate' was found at /home/danial/Qt/6.2.4/gcc_64/bin/lupdate.
-- Tool 'Qt6::lupdate-pro' was found at /home/danial/Qt/6.2.4/gcc_64/./libexec/lupdate-pro.
-- Running syncqt for module: 'QtUiPlugin' 
-- Running syncqt for module: 'QtUiTools' 
-- Running syncqt for module: 'QtDesigner' 
QtDesigner: WARNING: /home/danial/qt-everywhere-src-6.2.4/qttools/src/designer/src/lib/uilib/formbuilder.h includes abstractformbuilder.h when it should include QtDesigner/abstractformbuilder.h
QtDesigner: created deprecated header(s) { customwidget.h, QDesignerExportWidget, QDesignerCustomWidgetInterface, QDesignerCustomWidgetCollectionInterface, qdesignerexportwidget.h }
-- Running syncqt for module: 'QtDesignerComponents' 
-- Running syncqt for module: 'QtHelp' 
-- Searching for tool 'Qt6::qhelpgenerator' in package Qt6ToolsTools.
-- Qt6::qhelpgenerator was found at /home/danial/Qt/6.2.4/gcc_64/bin/qhelpgenerator using package Qt6ToolsTools.
-- Tool 'Qt6::qtattributionsscanner' was found at /home/danial/Qt/6.2.4/gcc_64/./libexec/qtattributionsscanner.
Configuring 'qtdoc'
Configuring 'qtlottie'
-- CMAKE_BUILD_TYPE was set to: 'Release'
-- Running syncqt for module: 'QtBodymovin' 
CMake Warning (dev) at /home/danial/Code/novin-med/projects/5_cross_compile/rockchip/YY3568/Qt6/build-rk3568/qtbase/lib/cmake/Qt6Qml/Qt6QmlBuildInternals.cmake:389 (message):
  INSTALL_SOURCE_QMLTYPES option is deprecated and should not be used.
  Please port your module to use declarative type registration.
Call Stack (most recent call first):
  qtlottie/src/imports/CMakeLists.txt:1 (qt_internal_add_qml_module)
This warning is for project developers.  Use -Wno-dev to suppress it.

Configuring 'qtmqtt'
-- Could NOT find Qt6WebSockets (missing: Qt6WebSockets_DIR)
CMake Warning at /home/danial/Code/novin-med/projects/5_cross_compile/rockchip/YY3568/Qt6/build-rk3568/qtbase/lib/cmake/Qt6/Qt6Config.cmake:259 (message):
  Failed to find Qt component "WebSockets".

  Expected Config file at
  "/home/danial/Code/novin-med/projects/5_cross_compile/rockchip/YY3568/Qt6/build-rk3568/qtbase/lib/cmake/Qt6WebSockets/Qt6WebSocketsConfig.cmake"
  does NOT exist

Call Stack (most recent call first):
  qtmqtt/CMakeLists.txt:20 (find_package)


-- CMAKE_BUILD_TYPE was set to: 'Release'
-- Running syncqt for module: 'QtMqtt' 
Configuring 'qtnetworkauth'
-- CMAKE_BUILD_TYPE was set to: 'Release'
-- Running syncqt for module: 'QtNetworkAuth' 
Configuring 'qtopcua'
Configuring 'qtserialport'
-- CMAKE_BUILD_TYPE was set to: 'Release'
-- Checking for module 'libudev'
--   No package 'libudev' found
-- Running syncqt for module: 'QtSerialPort' 
-- Performing Test HAVE_ntddmodm
-- Performing Test HAVE_ntddmodm - Failed
Configuring 'qtpositioning'
-- CMAKE_BUILD_TYPE was set to: 'Release'
-- Running syncqt for module: 'QtPositioning' 
-- Checking for module 'gypsy'
--   No package 'gypsy' found
-- Checking for module 'gconf-2.0'
--   No package 'gconf-2.0' found
-- Performing Test WinRT geolocation
-- Performing Test WinRT geolocation - Failed
-- Running syncqt for module: 'QtPositioningQuick' 
Configuring 'qtquicktimeline'
-- CMAKE_BUILD_TYPE was set to: 'Release'
-- Running syncqt for module: 'QtQuickTimeline' 
Configuring 'qtquick3d'
-- CMAKE_BUILD_TYPE was set to: 'Release'
-- Running syncqt for module: 'QtQuick3DUtils' 
-- Running syncqt for module: 'QtQuick3DAssetImport' 
-- Running syncqt for module: 'QtQuick3DRuntimeRender' 
-- Running syncqt for module: 'QtQuick3D' 
-- Running syncqt for module: 'QtQuick3DParticles' 
-- Running syncqt for module: 'QtQuick3DAssetUtils' 
QtQuick3DAssetUtils: WARNING: /home/danial/qt-everywhere-src-6.2.4/qtquick3d/src/assetutils/qquick3druntimeloader_p.h does not have the "We mean it." warning
-- Could NOT find WrapQuick3DAssimp (missing: WrapQuick3DAssimp_FOUND) (Required is at least version "5")
-- Performing Test Assimp
-- Performing Test Assimp - Failed
-- Running syncqt for module: 'QtQuick3DHelpers' 
-- Running syncqt for module: 'QtQuick3DIblBaker' 
-- Searching for tool 'Qt6::balsam' in package Qt6Quick3DTools.
-- Qt6::balsam was found at /home/danial/Qt/6.2.4/gcc_64/bin/balsam using package Qt6Quick3DTools.
-- Tool 'Qt6::balsamui' was found at /home/danial/Qt/6.2.4/gcc_64/bin/balsamui.
-- Tool 'Qt6::meshdebug' was found at /home/danial/Qt/6.2.4/gcc_64/bin/meshdebug.
-- Tool 'Qt6::shadergen' was found at /home/danial/Qt/6.2.4/gcc_64/bin/shadergen.
-- Tool 'Qt6::instancer' was found at /home/danial/Qt/6.2.4/gcc_64/bin/instancer.
Configuring 'qtremoteobjects'
-- CMAKE_BUILD_TYPE was set to: 'Release'
-- Running syncqt for module: 'QtRepParser' 
-- Running syncqt for module: 'QtRemoteObjects' 
-- Running syncqt for module: 'QtRemoteObjectsQml' 
-- Searching for tool 'Qt6::repc' in package Qt6RemoteObjectsTools.
-- Qt6::repc was found at /home/danial/Qt/6.2.4/gcc_64/./libexec/repc using package Qt6RemoteObjectsTools.
Configuring 'qtscxml'
-- CMAKE_BUILD_TYPE was set to: 'Release'
-- Running syncqt for module: 'QtScxml' 
-- Running syncqt for module: 'QtStateMachine' 
-- Running syncqt for module: 'QtStateMachineQml' 
-- Running syncqt for module: 'QtScxmlQml' 
-- Searching for tool 'Qt6::qscxmlc' in package Qt6ScxmlTools.
-- Qt6::qscxmlc was found at /home/danial/Qt/6.2.4/gcc_64/bin/qscxmlc using package Qt6ScxmlTools.
Configuring 'qtsensors'
-- CMAKE_BUILD_TYPE was set to: 'Release'
-- Running syncqt for module: 'QtSensors' 
-- Checking for module 'sensord-qt5'
--   No package 'sensord-qt5' found
-- Running syncqt for module: 'QtSensorsQuick' 
Configuring 'qtserialbus'
-- CMAKE_BUILD_TYPE was set to: 'Release'
-- Running syncqt for module: 'QtSerialBus' 
QtSerialBus: created deprecated header(s) { qserialbusglobal.h }
-- Performing Test Socket CAN
-- Performing Test Socket CAN - Success
-- Performing Test Socket CAN FD
-- Performing Test Socket CAN FD - Success
-- Searching for tool 'Qt6::canbusutil' in package Qt6SerialBusTools.
-- Qt6::canbusutil was found at /home/danial/Qt/6.2.4/gcc_64/bin/canbusutil using package Qt6SerialBusTools.
Configuring 'qttranslations'
-- CMAKE_BUILD_TYPE was set to: 'Release'
CMake Warning at qttranslations/translations/CMakeLists.txt:38 (message):
  Directory
  '/home/danial/qt-everywhere-src-6.2.4/qttranslations/translations/../../qtlocation/src'
  for qtlocation does not exist.  Skipping...
Call Stack (most recent call first):
  qttranslations/translations/CMakeLists.txt:102 (add_ts_targets)


CMake Warning at qttranslations/translations/CMakeLists.txt:45 (message):
  No source files located for qtlocation, skipping target creation
Call Stack (most recent call first):
  qttranslations/translations/CMakeLists.txt:102 (add_ts_targets)


Configuring 'qtvirtualkeyboard'
-- CMAKE_BUILD_TYPE was set to: 'Release'
-- Running syncqt for module: 'QtVirtualKeyboard' 
-- Checking for module 'hunspell'
--   No package 'hunspell' found
-- Could NOT find CerenceHwrAlphabetic (missing: CERENCE_HWR_ALPHABETIC_INCLUDE_DIRS) 
-- Could NOT find CerenceHwrCjk (missing: CERENCE_HWR_CJK_INCLUDE_DIRS) 
-- Could NOT find CerenceXt9 (missing: CERENCE_XT9_INCLUDE_DIRS) 
-- Could NOT find MyScript (missing: MyScript_ROOT_DIR MyScript_VOIM_INCLUDE_DIR MyScript_VOIM_BINARY MyScript_Ink_BINARY MyScript_Prediction_BINARY MyScript_Text_BINARY MyScript_Engine_BINARY) 
CMake Warning (dev) at /home/danial/Code/novin-med/projects/5_cross_compile/rockchip/YY3568/Qt6/build-rk3568/qtbase/lib/cmake/Qt6Qml/Qt6QmlBuildInternals.cmake:389 (message):
  INSTALL_SOURCE_QMLTYPES option is deprecated and should not be used.
  Please port your module to use declarative type registration.
Call Stack (most recent call first):
  qtvirtualkeyboard/src/import/CMakeLists.txt:5 (qt_internal_add_qml_module)
This warning is for project developers.  Use -Wno-dev to suppress it.

CMake Warning (dev) at /home/danial/Code/novin-med/projects/5_cross_compile/rockchip/YY3568/Qt6/build-rk3568/qtbase/lib/cmake/Qt6Qml/Qt6QmlBuildInternals.cmake:389 (message):
  INSTALL_SOURCE_QMLTYPES option is deprecated and should not be used.
  Please port your module to use declarative type registration.
Call Stack (most recent call first):
  qtvirtualkeyboard/src/settings/CMakeLists.txt:5 (qt_internal_add_qml_module)
This warning is for project developers.  Use -Wno-dev to suppress it.

CMake Warning (dev) at /home/danial/Code/novin-med/projects/5_cross_compile/rockchip/YY3568/Qt6/build-rk3568/qtbase/lib/cmake/Qt6Qml/Qt6QmlBuildInternals.cmake:389 (message):
  INSTALL_SOURCE_QMLTYPES option is deprecated and should not be used.
  Please port your module to use declarative type registration.
Call Stack (most recent call first):
  qtvirtualkeyboard/src/styles/CMakeLists.txt:5 (qt_internal_add_qml_module)
This warning is for project developers.  Use -Wno-dev to suppress it.

Configuring 'qtwayland'
Configuring 'qtwebsockets'
-- CMAKE_BUILD_TYPE was set to: 'Release'
-- Running syncqt for module: 'QtWebSockets' 
CMake Warning (dev) at /home/danial/Code/novin-med/projects/5_cross_compile/rockchip/YY3568/Qt6/build-rk3568/qtbase/lib/cmake/Qt6Qml/Qt6QmlBuildInternals.cmake:389 (message):
  INSTALL_SOURCE_QMLTYPES option is deprecated and should not be used.
  Please port your module to use declarative type registration.
Call Stack (most recent call first):
  qtwebsockets/src/imports/qmlwebsockets/CMakeLists.txt:1 (qt_internal_add_qml_module)
This warning is for project developers.  Use -Wno-dev to suppress it.

Configuring 'qtwebchannel'
-- CMAKE_BUILD_TYPE was set to: 'Release'
-- Running syncqt for module: 'QtWebChannel' 
CMake Warning (dev) at /home/danial/Code/novin-med/projects/5_cross_compile/rockchip/YY3568/Qt6/build-rk3568/qtbase/lib/cmake/Qt6Qml/Qt6QmlBuildInternals.cmake:389 (message):
  INSTALL_SOURCE_QMLTYPES option is deprecated and should not be used.
  Please port your module to use declarative type registration.
Call Stack (most recent call first):
  qtwebchannel/src/imports/webchannel/CMakeLists.txt:7 (qt_internal_add_qml_module)
This warning is for project developers.  Use -Wno-dev to suppress it.

Configuring 'qtwebengine'
Configuring 'qtwebview'
-- The following packages have been found:

 * QtBuildInternals
 * WrapZLIB (required version >= 1.0.8)
 * DBus1 (required version >= 1.2)
 * WrapDBus1 (required version >= 1.2)
 * Backtrace
 * ZLIB
 * PNG
 * OpenGL
 * WrapPCRE2
 * WrapBacktrace
 * ICU
 * WrapRt
 * WrapHarfbuzz
 * WrapPNG
 * ATSPI2
 * WrapSystemFreetype (required version >= 2.2.0)
 * gbm, Mesa gbm library., <http://www.mesa3d.org>
 * WrapSystemPNG
 * WrapOpenGL
 * Wayland, C library implementation of the Wayland protocol: a protocol for a compositor to talk to its clients, <http://wayland.freedesktop.org>
 * Freetype
 * Fontconfig
 * X11
 * X11_XCB, A compatibility library for code that translates Xlib API calls into XCB calls, <http://xorg.freedesktop.org/>
 * Libdrm, Userspace interface to kernel DRM services., <https://wiki.freedesktop.org/dri/>
 * WrapFreetype
 * JPEG
 * TIFF
 * Python
 * WrapIconv
 * ALSA
 * GLIB2, Event loop and utility library, <https://wiki.gnome.org/Projects/GLib>
 * GObject
 * GStreamer
 * Qt6OpenGLPrivate (required version >= 6.2.4)
 * Qt6QuickWidgets (required version >= 6.2.4)
 * Qt6CorePrivate (required version >= 6.2.4)
 * Qt6QmlDevToolsPrivate (required version >= 6.2.4)
 * Qt6Sql (required version >= 6.2.4)
 * Qt6PrintSupport (required version >= 6.2.4)
 * Qt6ToolsTools (required version >= 6.2.4)
 * Qt6Concurrent (required version >= 6.2.4)
 * Qt6ShaderToolsTools (required version >= 6.2.4)
 * Qt6ShaderTools (required version >= 6.2.4)
 * Qt6QuickTimeline (required version >= 6.2.4)
 * Qt6Quick3DTools (required version >= 6.2.4)
 * Qt6RemoteObjectsTools (required version >= 6.2.4)
 * Qt6OpenGLWidgets (required version >= 6.2.4)
 * Qt6ScxmlTools (required version >= 6.2.4)
 * Qt6Xml (required version >= 6.2.4)
 * Qt6WidgetsTools (required version >= 6.2.4)
 * Qt6Widgets (required version >= 6.2.4)
 * Qt6SerialPort (required version >= 6.2.4)
 * Qt6SerialBusTools (required version >= 6.2.4)
 * Qt6LinguistTools (required version >= 6.2.4)
 * Qt6Linguist (required version >= 6.2.4)
 * Qt6Svg (required version >= 6.2.4)
 * Qt6QuickTemplates2Private (required version >= 6.2.4)
 * Qt6QuickControls2 (required version >= 6.2.4)
 * Qt6BuildInternals (required version >= 6.2.4)
 * WrapAtomic
 * Qt6CoreTools (required version >= 6.2.4)
 * Qt6Core (required version >= 6.2.4)
 * EGL, A platform-agnostic mechanism for creating rendering surfaces for use with other graphics libraries, such as OpenGL|ES and OpenVG., <https://www.khronos.org/egl/>
 * GLESv2
 * PkgConfig
 * XKB (required version >= 0.5.0), XKB API common to servers and clients., <http://xkbcommon.org>
 * Qt6DBusTools (required version >= 6.2.4)
 * Qt6DBus (required version >= 6.2.4)
 * Qt6Gui (required version >= 6.2.4)
 * Qt6Network (required version >= 6.2.4)
 * Qt6Qml (required version >= 6.2.4)
 * Qt6QmlModels (required version >= 6.2.4)
 * Qt6OpenGL (required version >= 6.2.4)
 * Qt6Quick (required version >= 6.2.4)
 * Qt6Test (required version >= 6.2.4)
 * Qt6QmlTools (required version >= 6.2.4)
 * Qt6QmlPrivate (required version >= 6.2.4)
 * Qt6QuickPrivate (required version >= 6.2.4)
 * Qt6QuickTest (required version >= 6.2.4)
 * Threads
 * Qt6WebSockets (required version >= 6.2.4)
 * Qt6 (required version >= 6.2.4)
 * Qt6HostInfo

-- The following OPTIONAL packages have not been found:

 * zstd
 * ZSTD (required version >= 1.3), ZSTD compression library, <https://github.com/facebook/zstd>
 * double-conversion
 * WrapDoubleConversion
 * Libsystemd
 * Libb2
 * PCRE2 (required version >= 10.20)
 * WrapSystemPCRE2 (required version >= 10.20)
 * Slog2
 * unofficial-brotli
 * WrapBrotli
 * Libproxy
 * OpenSSL
 * WrapOpenSSLHeaders
 * WrapOpenSSL
 * GSSAPI, Generic Security Services Application Program Interface
 * DirectFB
 * harfbuzz (required version >= 2.6.0)
 * WrapSystemHarfbuzz (required version >= 2.6.0)
 * md4c
 * WrapSystemMd4c
 * WrapVulkanHeaders
 * XCB (required version >= 1.12), X protocol C-language Binding, <http://xcb.freedesktop.org>
 * XKB_COMMON_X11 (required version >= 0.5.0)
 * XRender (required version >= 0.6)
 * GTK3 (required version >= 3.6)
 * Libinput, Library to handle input devices in Wayland compositors and to provide a generic X.Org input driver., <http://www.freedesktop.org/wiki/Software/libinput/>
 * Tslib
 * Mtdev
 * Cups
 * DB2, IBM DB2 client library, <https://www.ibm.com>
 * MySQL, MySQL client library, <https://www.mysql.com>
 * PostgreSQL
 * Oracle, Oracle client library, <https://www.oracle.com>
 * ODBC
 * SQLite3
 * Interbase, Interbase client library, <https://www.embarcadero.com/products/interbase>
 * Jasper
 * WrapJasper
 * WebP
 * WrapWebP
 * Libmng
 * LTTngUST
 * Qt6Gamepad (required version >= 6.2.4)
 * Qt6Multimedia (required version >= 6.2.4)
 * WrapQt3DAssimp (required version >= 5)
 * Vulkan
 * AVFoundation
 * PulseAudio
 * WrapPulseAudio
 * WMF
 * BlueZ
 * Clang
 * WrapLibClang (required version >= 8)
 * litehtml
 * Libudev
 * Gypsy
 * Gconf
 * assimp (required version >= 5)
 * WrapQuick3DAssimp (required version >= 5)
 * Sensorfw
 * Hunspell
 * CerenceHwrAlphabetic
 * CerenceHwrCjk
 * CerenceXt9
 * MyScript
 * Qt6QmlCompilerPlus

Configure summary:

Building for: linux-aarch64-gnu-g++ (arm64, CPU features: cx16 neon)
Compiler: gcc 9.5.0
Build options:
  Mode ................................... release
  Optimize release build for size ........ no
  Fully optimize release builds (-O3) .... no
  Building shared libraries .............. yes
  Using C standard ....................... C11
  Using C++ standard ..................... C++14
  Using ccache ........................... no
  Using new DTAGS ........................ yes
  Relocatable ............................ yes
  Using precompiled headers .............. yes
  Using LTCG ............................. no
  Target compiler supports:
    Intrinsics without compiler architecture option  yes
    Extensions ........................... NEON
  Sanitizers:
    Addresses ............................ no
    Threads .............................. no
    Memory ............................... no
    Fuzzer (instrumentation only) ........ no
    Undefined ............................ no
  Build parts ............................ libs
Qt modules and options:
  Qt Concurrent .......................... yes
  Qt D-Bus ............................... yes
  Qt D-Bus directly linked to libdbus .... yes
  Qt Gui ................................. yes
  Qt Network ............................. yes
  Qt PrintSupport ........................ yes
  Qt Sql ................................. yes
  Qt Testlib ............................. yes
  Qt Widgets ............................. yes
  Qt Xml ................................. yes
Support enabled for:
  Using pkg-config ....................... yes
  udev ................................... no
  Using system zlib ...................... yes
  Zstandard support ...................... no
  Thread support ......................... yes
Common build options:
  Linker can resolve circular dependencies  yes
Qt Core:
  backtrace .............................. yes
  DoubleConversion ....................... yes
    Using system DoubleConversion ........ no
  GLib ................................... yes
  ICU .................................... yes
  Using system libb2 ..................... no
  Built-in copy of the MIME database ..... yes
  cpp/winrt base ......................... no
  Tracing backend ........................ <none>
  Logging backends:
    journald ............................. no
    syslog ............................... no
    slog2 ................................ no
  PCRE2 .................................. yes
    Using system PCRE2 ................... no
  CLONE_PIDFD support in forkfd .......... yes
Qt Sql:
  SQL item models ........................ yes
Qt Network:
  getifaddrs() ........................... yes
  IPv6 ifname ............................ yes
  libproxy ............................... no
  Linux AF_NETLINK ....................... yes
  OpenSSL ................................ no
    Qt directly linked to OpenSSL ........ no
  OpenSSL 1.1 ............................ no
  DTLS ................................... no
  OCSP-stapling .......................... no
  SCTP ................................... no
  Use system proxies ..................... yes
  GSSAPI ................................. no
  Brotli Decompression Support ........... no
Qt Gui:
  Accessibility .......................... yes
  FreeType ............................... yes
    Using system FreeType ................ yes
  HarfBuzz ............................... yes
    Using system HarfBuzz ................ no
  Fontconfig ............................. yes
  Image formats:
    GIF .................................. yes
    ICO .................................. yes
    JPEG ................................. yes
      Using system libjpeg ............... yes
    PNG .................................. yes
      Using system libpng ................ yes
  Text formats:
    HtmlParser ........................... yes
    CssParser ............................ yes
    OdfWriter ............................ yes
    MarkdownReader ....................... yes
      Using system libmd4c ............... no
    MarkdownWriter ....................... yes
  EGL .................................... yes
  OpenVG ................................. no
  OpenGL:
    Desktop OpenGL ....................... no
    OpenGL ES 2.0 ........................ yes
    OpenGL ES 3.0 ........................ yes
    OpenGL ES 3.1 ........................ yes
    OpenGL ES 3.2 ........................ yes
  Vulkan ................................. no
  Session Management ..................... yes
Features used by QPA backends:
  evdev .................................. yes
  libinput ............................... no
  INTEGRITY HID .......................... no
  mtdev .................................. no
  tslib .................................. no
  xkbcommon .............................. yes
  X11 specific:
    XLib ................................. yes
    XCB Xlib ............................. yes
    EGL on X11 ........................... yes
    xkbcommon-x11 ........................ no
    xcb-sm ............................... no
QPA backends:
  DirectFB ............................... no
  EGLFS .................................. yes
  EGLFS details:
    EGLFS OpenWFD ........................ no
    EGLFS i.Mx6 .......................... no
    EGLFS i.Mx6 Wayland .................. no
    EGLFS RCAR ........................... no
    EGLFS EGLDevice ...................... yes
    EGLFS GBM ............................ yes
    EGLFS VSP2 ........................... no
    EGLFS Mali ........................... no
    EGLFS Raspberry Pi ................... no
    EGLFS X11 ............................ yes
  LinuxFB ................................ yes
  VNC .................................... yes
  VK_KHR_display ......................... no
  QNX:
    lgmon ................................ no
    IMF .................................. no
  XCB:
    Using system-provided xcb-xinput ..... no
    GL integrations:
      GLX Plugin ......................... no
        XCB GLX .......................... no
      EGL-X11 Plugin ..................... no
  Windows:
    Direct 2D ............................ no
    Direct 2D 1.1 ........................ no
    DirectWrite .......................... no
    DirectWrite 3 ........................ no
Qt Widgets:
  GTK+ ................................... no
  Styles ................................. Fusion Windows
Qt Testlib:
  Tester for item models ................. yes
Qt PrintSupport:
  CUPS ................................... no
Qt Sql Drivers:
  DB2 (IBM) .............................. no
  InterBase .............................. no
  MySql .................................. no
  OCI (Oracle) ........................... no
  ODBC ................................... no
  PostgreSQL ............................. no
  SQLite ................................. yes
    Using system provided SQLite ......... no
Further Image Formats:
  JasPer ................................. no
  MNG .................................... no
  TIFF ................................... yes
    Using system libtiff ................. yes
  WEBP ................................... yes
    Using system libwebp ................. no
Qt QML:
  QML network support .................... yes
  QML debugging and profiling support .... yes
  QML just-in-time compiler .............. yes
  QML sequence object .................... yes
  QML XML http request ................... yes
  QML Locale ............................. yes
Qt QML Models:
  QML list model ......................... yes
  QML delegate model ..................... yes
Qt Quick:
  AnimatedImage item ..................... yes
  Canvas item ............................ yes
  Support for Qt Quick Designer .......... yes
  Flipable item .......................... yes
  GridView item .......................... yes
  ListView item .......................... yes
  TableView item ......................... yes
  Path support ........................... yes
  PathView item .......................... yes
  Positioner items ....................... yes
  Repeater item .......................... yes
  ShaderEffect item ...................... yes
  Sprite item ............................ yes
Qt Quick Templates 2:
  Hover support .......................... yes
  Multi-touch support .................... yes
Qt Quick Controls 2:
  Styles ................................. Basic Fusion Imagine Material Universal macOS Windows
Qt 3D:
  Assimp ................................. yes
  System Assimp .......................... no
  Use SSE2 instructions .................. no
  Use AVX2 instructions .................. no
  Aspects:
    Render aspect ........................ yes
    Input aspect ......................... yes
    Logic aspect ......................... yes
    Animation aspect ..................... yes
    Extras aspect ........................ yes
Qt 3D APIs:
  Vulkan ................................. no
Qt 3D Renderers:
  OpenGL Renderer ........................ yes
  RHI Renderer ........................... no
Qt3D Geometry Loaders:
  Autodesk FBX ........................... no
Qt 5 Compatibility Libraries:
  iconv .................................. no
Qt Multimedia:
  GStreamer 1.0 .......................... yes
  Video for Linux ........................ yes
  Linux DMA buffer support ............... yes
  MMRenderer ............................. no
  AVFoundation ........................... no
  Windows Media Foundation ............... no
Qt Charts Types:
  Area Chart ............................. yes
  Line Chart ............................. yes
  Spline Chart ........................... yes
  Scatter Chart .......................... yes
  Bar Chart .............................. yes
  Pie Chart .............................. yes
  Boxplot Chart .......................... yes
  Candlestick Chart ...................... yes
Qt Axis Types:
  DateTime Axis .......................... yes
Qt Tools:
  Qt Assistant ........................... yes
  QDoc ................................... no
  Clang-based lupdate parser ............. no
  Qt Designer ............................ yes
  Qt Distance Field Generator ............ yes
  Qt Linguist ............................ yes
  Mac Deployment Tool .................... no
  pixeltool .............................. yes
  qdbus .................................. yes
  Qt Attributions Scanner ................ yes
  qtdiag ................................. yes
  qtplugininfo ........................... yes
  Windows deployment tool ................ no
Serial Port:
  ntddmodm ............................... no
QtQuick3D:
  Assimp ................................. yes
  System Assimp .......................... no
Qt Remote Objects:
  High Availability Manager (ham) ........ no
Qt Scxml:
  ECMAScript data model for QtScxml ...... yes
Qt Sensors:
  sensorfw ............................... no
  sensorfw_enabled_with_cmake ............ no
Qt SerialBus:
  Socket CAN ............................. yes
  Socket CAN FD .......................... yes
  SerialPort Support ..................... yes
Qt Virtualkeyboard:
  Desktop integration .................... yes
  Built-in layouts ....................... yes
  Key navigation ......................... no
  Retro style as default ................. no
  Sensitive Debug ........................ no
  Cerence ................................ no
    Static Linking ....................... no
    Handwriting .......................... no
      Alphabetic ......................... no
      CJK ................................ no
    XT9 .................................. no
      XT9 Debug .......................... no
      XT9 9-key layouts .................. no
    Bundle resources ..................... no
      Handwriting ........................ no
      XT9 ................................ no
  Hunspell ............................... no
    Using Hunspell copy from 3rdparty/ ... no
  OpenWnn ................................ yes
  MyScript ............................... no
  Language support enabled for:
    Arabic ............................... yes
    Bulgarian ............................ yes
    Czech ................................ yes
    Danish ............................... yes
    German ............................... yes
    Greek ................................ yes
    English GB ........................... yes
    English US ........................... yes
    Spanish .............................. yes
    Spanish Mexico ....................... yes
    Estonian ............................. yes
    Farsi ................................ yes
    Finnish .............................. yes
    French Canada ........................ yes
    French France ........................ yes
    Hebrew ............................... yes
    Hindi ................................ yes
    Croatian ............................. yes
    Hungarian ............................ yes
    Indonesian ........................... yes
    Italian .............................. yes
    Japanese ............................. yes
    Korean ............................... yes
    Malay ................................ yes
    Norwegian ............................ yes
    Dutch ................................ yes
    Polish ............................... yes
    Portuguese Brazil .................... yes
    Portuguese Portugal .................. yes
    Romanian ............................. yes
    Russian .............................. yes
    Slovak ............................... yes
    Slovenian ............................ yes
    Albanian ............................. yes
    Serbian .............................. yes
    Swedish .............................. yes
    Thai ................................. yes
    Turkish .............................. yes
    Ukrainian ............................ yes
    Vietnamese ........................... yes
    Simplified Chinese ................... yes
    Traditional Chinese .................. yes
    HongKong Chinese ..................... no
  Traditional chinese input methods:
    Zhuyin ............................... yes
    Cangjie .............................. yes

Note: Hunspell disabled. Spelling correction will not be available.

WARNING: QDoc will not be compiled, probably because libclang could not be located. This means that you cannot build the Qt documentation.
Either set CMAKE_PREFIX_PATH or LLVM_INSTALL_DIR to the location of your llvm installation.
On Linux systems, you may be able to install libclang by installing the libclang-dev or libclang-devel package, depending on your distribution.
On macOS, you can use Homebrew's llvm package.
You will also need to set the FEATURE_clang CMake variable to ON to re-evaluate this check.
WARNING: Clang-based lupdate parser will not be available. LLVM and Clang C++ libraries have not been found.
You will need to set the FEATURE_clangcpp CMake variable to ON to re-evaluate this check.

Qt is now configured for building. Just run 'cmake --build . --parallel'

Once everything is built, you must run 'cmake --install .'
Qt will be installed into '/usr/local/qt6rk'

To configure and build other Qt modules, you can use the following convenience script:
        /home/danial/Code/novin-med/projects/5_cross_compile/rockchip/YY3568/Qt6/qt6-rk3568/bin/qt-configure-module

If reconfiguration fails for some reason, try to remove 'CMakeCache.txt' from the build directory 

-- Configuring done
-- Generating done
CMake Warning:
  Manually-specified variables were not used by the project:

    BUILD_qtgrpc
    BUILD_qtscript


-- Build files have been written to: /home/danial/Code/novin-med/projects/5_cross_compile/rockchip/YY3568/Qt6/build-rk3568
[1;34m[qt6-rk3568][0m Configure complete. Verify EGLFS and GBM capabilities in summary:
[1;34m[qt6-rk3568][0m   grep -A15 'EGLFS' /home/danial/Code/novin-med/projects/5_cross_compile/rockchip/YY3568/Qt6/build-rk3568/config.summary
